[debug] [2025-07-02T04:32:09.263Z] ----------------------------------------------------------------------
[debug] [2025-07-02T04:32:09.266Z] Command:       C:\Program Files\nodejs\node.exe C:\Users\Mike\AppData\Roaming\npm\node_modules\firebase-tools\lib\bin\firebase.js deploy --only functions:getTeams
[debug] [2025-07-02T04:32:09.266Z] CLI Version:   14.9.0
[debug] [2025-07-02T04:32:09.266Z] Platform:      win32
[debug] [2025-07-02T04:32:09.266Z] Node Version:  v22.17.0
[debug] [2025-07-02T04:32:09.266Z] Time:          Wed Jul 02 2025 00:32:09 GMT-0400 (Eastern Daylight Time)
[debug] [2025-07-02T04:32:09.266Z] ----------------------------------------------------------------------
[debug] 
[debug] [2025-07-02T04:32:09.368Z] > command requires scopes: ["email","openid","https://www.googleapis.com/auth/cloudplatformprojects.readonly","https://www.googleapis.com/auth/firebase","https://www.googleapis.com/auth/cloud-platform"]
[debug] [2025-07-02T04:32:09.368Z] > authorizing via signed-in user (mikeyjordan43@gmail.com)
[debug] [2025-07-02T04:32:09.368Z] [iam] checking project bokchoyleague for permissions ["cloudfunctions.functions.create","cloudfunctions.functions.delete","cloudfunctions.functions.get","cloudfunctions.functions.list","cloudfunctions.functions.update","cloudfunctions.operations.get","firebase.projects.get"]
[debug] [2025-07-02T04:32:09.369Z] Checked if tokens are valid: true, expires at: 1751433410593
[debug] [2025-07-02T04:32:09.369Z] Checked if tokens are valid: true, expires at: 1751433410593
[debug] [2025-07-02T04:32:09.369Z] >>> [apiv2][query] POST https://cloudresourcemanager.googleapis.com/v1/projects/bokchoyleague:testIamPermissions [none]
[debug] [2025-07-02T04:32:09.369Z] >>> [apiv2][(partial)header] POST https://cloudresourcemanager.googleapis.com/v1/projects/bokchoyleague:testIamPermissions x-goog-quota-user=projects/bokchoyleague
[debug] [2025-07-02T04:32:09.369Z] >>> [apiv2][body] POST https://cloudresourcemanager.googleapis.com/v1/projects/bokchoyleague:testIamPermissions {"permissions":["cloudfunctions.functions.create","cloudfunctions.functions.delete","cloudfunctions.functions.get","cloudfunctions.functions.list","cloudfunctions.functions.update","cloudfunctions.operations.get","firebase.projects.get"]}
[debug] [2025-07-02T04:32:09.500Z] <<< [apiv2][status] POST https://cloudresourcemanager.googleapis.com/v1/projects/bokchoyleague:testIamPermissions 200
[debug] [2025-07-02T04:32:09.500Z] <<< [apiv2][body] POST https://cloudresourcemanager.googleapis.com/v1/projects/bokchoyleague:testIamPermissions {"permissions":["cloudfunctions.functions.create","cloudfunctions.functions.delete","cloudfunctions.functions.get","cloudfunctions.functions.list","cloudfunctions.functions.update","cloudfunctions.operations.get","firebase.projects.get"]}
[debug] [2025-07-02T04:32:09.501Z] Checked if tokens are valid: true, expires at: 1751433410593
[debug] [2025-07-02T04:32:09.501Z] Checked if tokens are valid: true, expires at: 1751433410593
[debug] [2025-07-02T04:32:09.501Z] >>> [apiv2][query] POST https://iam.googleapis.com/v1/projects/bokchoyleague/serviceAccounts/bokchoyleague@appspot.gserviceaccount.com:testIamPermissions [none]
[debug] [2025-07-02T04:32:09.501Z] >>> [apiv2][body] POST https://iam.googleapis.com/v1/projects/bokchoyleague/serviceAccounts/bokchoyleague@appspot.gserviceaccount.com:testIamPermissions {"permissions":["iam.serviceAccounts.actAs"]}
