[debug] [2025-07-01T16:00:33.459Z] ----------------------------------------------------------------------
[debug] [2025-07-01T16:00:33.460Z] Command:       C:\Program Files\nodejs\node.exe C:\Users\Mike\AppData\Roaming\npm\node_modules\firebase-tools\lib\bin\firebase.js deploy --only functions
[debug] [2025-07-01T16:00:33.461Z] CLI Version:   14.9.0
[debug] [2025-07-01T16:00:33.461Z] Platform:      win32
[debug] [2025-07-01T16:00:33.461Z] Node Version:  v22.17.0
[debug] [2025-07-01T16:00:33.461Z] Time:          Tue Jul 01 2025 12:00:33 GMT-0400 (Eastern Daylight Time)
[debug] [2025-07-01T16:00:33.461Z] ----------------------------------------------------------------------
[debug] 
[debug] [2025-07-01T16:00:33.568Z] > command requires scopes: ["email","openid","https://www.googleapis.com/auth/cloudplatformprojects.readonly","https://www.googleapis.com/auth/firebase","https://www.googleapis.com/auth/cloud-platform"]
[debug] [2025-07-01T16:00:33.569Z] > authorizing via signed-in user (mikeyjordan43@gmail.com)
[debug] [2025-07-01T16:00:33.569Z] [iam] checking project bokchoyleague for permissions ["cloudfunctions.functions.create","cloudfunctions.functions.delete","cloudfunctions.functions.get","cloudfunctions.functions.list","cloudfunctions.functions.update","cloudfunctions.operations.get","firebase.projects.get"]
[debug] [2025-07-01T16:00:33.569Z] Checked if tokens are valid: true, expires at: 1751387993608
[debug] [2025-07-01T16:00:33.569Z] Checked if tokens are valid: true, expires at: 1751387993608
[debug] [2025-07-01T16:00:33.570Z] >>> [apiv2][query] POST https://cloudresourcemanager.googleapis.com/v1/projects/bokchoyleague:testIamPermissions [none]
[debug] [2025-07-01T16:00:33.570Z] >>> [apiv2][(partial)header] POST https://cloudresourcemanager.googleapis.com/v1/projects/bokchoyleague:testIamPermissions x-goog-quota-user=projects/bokchoyleague
[debug] [2025-07-01T16:00:33.570Z] >>> [apiv2][body] POST https://cloudresourcemanager.googleapis.com/v1/projects/bokchoyleague:testIamPermissions {"permissions":["cloudfunctions.functions.create","cloudfunctions.functions.delete","cloudfunctions.functions.get","cloudfunctions.functions.list","cloudfunctions.functions.update","cloudfunctions.operations.get","firebase.projects.get"]}
[debug] [2025-07-01T16:00:33.679Z] <<< [apiv2][status] POST https://cloudresourcemanager.googleapis.com/v1/projects/bokchoyleague:testIamPermissions 200
[debug] [2025-07-01T16:00:33.679Z] <<< [apiv2][body] POST https://cloudresourcemanager.googleapis.com/v1/projects/bokchoyleague:testIamPermissions {"permissions":["cloudfunctions.functions.create","cloudfunctions.functions.delete","cloudfunctions.functions.get","cloudfunctions.functions.list","cloudfunctions.functions.update","cloudfunctions.operations.get","firebase.projects.get"]}
[debug] [2025-07-01T16:00:33.679Z] Checked if tokens are valid: true, expires at: 1751387993608
[debug] [2025-07-01T16:00:33.679Z] Checked if tokens are valid: true, expires at: 1751387993608
[debug] [2025-07-01T16:00:33.679Z] >>> [apiv2][query] POST https://iam.googleapis.com/v1/projects/bokchoyleague/serviceAccounts/bokchoyleague@appspot.gserviceaccount.com:testIamPermissions [none]
[debug] [2025-07-01T16:00:33.679Z] >>> [apiv2][body] POST https://iam.googleapis.com/v1/projects/bokchoyleague/serviceAccounts/bokchoyleague@appspot.gserviceaccount.com:testIamPermissions {"permissions":["iam.serviceAccounts.actAs"]}
[debug] [2025-07-01T16:00:33.778Z] <<< [apiv2][status] POST https://iam.googleapis.com/v1/projects/bokchoyleague/serviceAccounts/bokchoyleague@appspot.gserviceaccount.com:testIamPermissions 200
[debug] [2025-07-01T16:00:33.778Z] <<< [apiv2][body] POST https://iam.googleapis.com/v1/projects/bokchoyleague/serviceAccounts/bokchoyleague@appspot.gserviceaccount.com:testIamPermissions {"permissions":["iam.serviceAccounts.actAs"]}
[info] 
[info] === Deploying to 'bokchoyleague'...
[info] 
[info] i  deploying functions 
[info] Running command: npm --prefix "$RESOURCE_DIR" run build
[info] +  functions: Finished running predeploy script. 
[debug] [2025-07-01T16:00:37.187Z] Checked if tokens are valid: true, expires at: 1751387993608
[debug] [2025-07-01T16:00:37.187Z] Checked if tokens are valid: true, expires at: 1751387993608
[debug] [2025-07-01T16:00:37.187Z] >>> [apiv2][query] GET https://cloudresourcemanager.googleapis.com/v1/projects/bokchoyleague [none]
[debug] [2025-07-01T16:00:37.272Z] <<< [apiv2][status] GET https://cloudresourcemanager.googleapis.com/v1/projects/bokchoyleague 200
[debug] [2025-07-01T16:00:37.272Z] <<< [apiv2][body] GET https://cloudresourcemanager.googleapis.com/v1/projects/bokchoyleague {"projectNumber":"566835598665","projectId":"bokchoyleague","lifecycleState":"ACTIVE","name":"BokChoyLeague","labels":{"firebase":"enabled","firebase-core":"disabled"},"createTime":"2025-06-29T23:23:10.686783Z"}
[info] i  functions: preparing codebase default for deployment 
[info] i  functions: ensuring required API cloudfunctions.googleapis.com is enabled... 
[info] i  functions: ensuring required API cloudbuild.googleapis.com is enabled... 
[info] i  artifactregistry: ensuring required API artifactregistry.googleapis.com is enabled... 
[debug] [2025-07-01T16:00:37.273Z] Checked if tokens are valid: true, expires at: 1751387993608
[debug] [2025-07-01T16:00:37.274Z] Checked if tokens are valid: true, expires at: 1751387993608
[debug] [2025-07-01T16:00:37.274Z] >>> [apiv2][query] GET https://firebase.googleapis.com/v1beta1/projects/bokchoyleague/adminSdkConfig [none]
[debug] [2025-07-01T16:00:37.721Z] <<< [apiv2][status] GET https://firebase.googleapis.com/v1beta1/projects/bokchoyleague/adminSdkConfig 200
[debug] [2025-07-01T16:00:37.721Z] <<< [apiv2][body] GET https://firebase.googleapis.com/v1beta1/projects/bokchoyleague/adminSdkConfig {"projectId":"bokchoyleague","storageBucket":"bokchoyleague.firebasestorage.app"}
[debug] [2025-07-01T16:00:37.721Z] Checked if tokens are valid: true, expires at: 1751387993608
[debug] [2025-07-01T16:00:37.722Z] Checked if tokens are valid: true, expires at: 1751387993608
[debug] [2025-07-01T16:00:37.722Z] >>> [apiv2][query] GET https://runtimeconfig.googleapis.com/v1beta1/projects/bokchoyleague/configs [none]
[debug] [2025-07-01T16:00:37.880Z] <<< [apiv2][status] GET https://runtimeconfig.googleapis.com/v1beta1/projects/bokchoyleague/configs 200
[debug] [2025-07-01T16:00:37.880Z] <<< [apiv2][body] GET https://runtimeconfig.googleapis.com/v1beta1/projects/bokchoyleague/configs {"configs":[{"name":"projects/bokchoyleague/configs/yahoo"}]}
[debug] [2025-07-01T16:00:37.880Z] Checked if tokens are valid: true, expires at: 1751387993608
[debug] [2025-07-01T16:00:37.880Z] Checked if tokens are valid: true, expires at: 1751387993608
[debug] [2025-07-01T16:00:37.880Z] >>> [apiv2][query] GET https://runtimeconfig.googleapis.com/v1beta1/projects/bokchoyleague/configs/yahoo/variables [none]
[debug] [2025-07-01T16:00:37.997Z] <<< [apiv2][status] GET https://runtimeconfig.googleapis.com/v1beta1/projects/bokchoyleague/configs/yahoo/variables 200
[debug] [2025-07-01T16:00:37.997Z] <<< [apiv2][body] GET https://runtimeconfig.googleapis.com/v1beta1/projects/bokchoyleague/configs/yahoo/variables {"variables":[{"name":"projects/bokchoyleague/configs/yahoo/variables/client_secret","updateTime":"2025-07-01T15:42:37.372607370Z"},{"name":"projects/bokchoyleague/configs/yahoo/variables/clientid","updateTime":"2025-07-01T02:20:40.262016944Z"},{"name":"projects/bokchoyleague/configs/yahoo/variables/clientsecret","updateTime":"2025-07-01T02:20:40.311450341Z"},{"name":"projects/bokchoyleague/configs/yahoo/variables/client_id","updateTime":"2025-07-01T15:42:37.374429354Z"}]}
[debug] [2025-07-01T16:00:37.997Z] Checked if tokens are valid: true, expires at: 1751387993608
[debug] [2025-07-01T16:00:37.997Z] Checked if tokens are valid: true, expires at: 1751387993608
[debug] [2025-07-01T16:00:37.997Z] Checked if tokens are valid: true, expires at: 1751387993608
[debug] [2025-07-01T16:00:37.997Z] Checked if tokens are valid: true, expires at: 1751387993608
[debug] [2025-07-01T16:00:37.997Z] Checked if tokens are valid: true, expires at: 1751387993608
[debug] [2025-07-01T16:00:37.997Z] Checked if tokens are valid: true, expires at: 1751387993608
[debug] [2025-07-01T16:00:37.997Z] Checked if tokens are valid: true, expires at: 1751387993608
[debug] [2025-07-01T16:00:37.997Z] Checked if tokens are valid: true, expires at: 1751387993608
[debug] [2025-07-01T16:00:37.997Z] >>> [apiv2][query] GET https://runtimeconfig.googleapis.com/v1beta1/projects/bokchoyleague/configs/yahoo/variables/client_secret [none]
[debug] [2025-07-01T16:00:37.998Z] >>> [apiv2][query] GET https://runtimeconfig.googleapis.com/v1beta1/projects/bokchoyleague/configs/yahoo/variables/clientid [none]
[debug] [2025-07-01T16:00:37.999Z] >>> [apiv2][query] GET https://runtimeconfig.googleapis.com/v1beta1/projects/bokchoyleague/configs/yahoo/variables/clientsecret [none]
[debug] [2025-07-01T16:00:38.000Z] >>> [apiv2][query] GET https://runtimeconfig.googleapis.com/v1beta1/projects/bokchoyleague/configs/yahoo/variables/client_id [none]
[debug] [2025-07-01T16:00:38.122Z] <<< [apiv2][status] GET https://runtimeconfig.googleapis.com/v1beta1/projects/bokchoyleague/configs/yahoo/variables/clientsecret 200
[debug] [2025-07-01T16:00:38.123Z] <<< [apiv2][body] GET https://runtimeconfig.googleapis.com/v1beta1/projects/bokchoyleague/configs/yahoo/variables/clientsecret {"name":"projects/bokchoyleague/configs/yahoo/variables/clientsecret","updateTime":"2025-07-01T02:20:40.311450341Z","text":"d6d0383a62cf6129fad43503e85b875a9dae4155"}
[debug] [2025-07-01T16:00:38.129Z] <<< [apiv2][status] GET https://runtimeconfig.googleapis.com/v1beta1/projects/bokchoyleague/configs/yahoo/variables/client_secret 200
[debug] [2025-07-01T16:00:38.129Z] <<< [apiv2][body] GET https://runtimeconfig.googleapis.com/v1beta1/projects/bokchoyleague/configs/yahoo/variables/client_secret {"name":"projects/bokchoyleague/configs/yahoo/variables/client_secret","updateTime":"2025-07-01T15:42:37.372607370Z","text":"14215709caddb427b21a5076036630671e4d2e42"}
[debug] [2025-07-01T16:00:38.130Z] <<< [apiv2][status] GET https://runtimeconfig.googleapis.com/v1beta1/projects/bokchoyleague/configs/yahoo/variables/clientid 200
[debug] [2025-07-01T16:00:38.130Z] <<< [apiv2][body] GET https://runtimeconfig.googleapis.com/v1beta1/projects/bokchoyleague/configs/yahoo/variables/clientid {"name":"projects/bokchoyleague/configs/yahoo/variables/clientid","updateTime":"2025-07-01T02:20:40.262016944Z","text":"dj0yJmk9emJtQUJEcUVOQUdWJmQ9WVdrOVIyUnpPV1JoWm0wbWNHbzlNQT09JnM9Y29uc3VtZXJzZWNyZXQmc3Y9MCZ4PTI1"}
[debug] [2025-07-01T16:00:38.243Z] <<< [apiv2][status] GET https://runtimeconfig.googleapis.com/v1beta1/projects/bokchoyleague/configs/yahoo/variables/client_id 200
[debug] [2025-07-01T16:00:38.243Z] <<< [apiv2][body] GET https://runtimeconfig.googleapis.com/v1beta1/projects/bokchoyleague/configs/yahoo/variables/client_id {"name":"projects/bokchoyleague/configs/yahoo/variables/client_id","updateTime":"2025-07-01T15:42:37.374429354Z","text":"dj0yJmk9WDdhalNMNHE3SEFvJmQ9WVdrOVNuRnZUMFZWUm1vbWNHbzlNQT09JnM9Y29uc3VtZXJzZWNyZXQmc3Y9MCZ4PTI5"}
[debug] [2025-07-01T16:00:38.244Z] Validating nodejs source
[debug] [2025-07-01T16:00:38.995Z] > [functions] package.json contents: {
  "name": "functions",
  "scripts": {
    "build": "tsc",
    "build:watch": "tsc --watch",
    "serve": "npm run build && firebase emulators:start --only functions",
    "shell": "npm run build && firebase functions:shell",
    "start": "npm run shell",
    "deploy": "firebase deploy --only functions",
    "logs": "firebase functions:log"
  },
  "engines": {
    "node": "22"
  },
  "main": "lib/index.js",
  "dependencies": {
    "axios": "^1.10.0",
    "firebase-admin": "^12.6.0",
    "firebase-functions": "^6.3.2"
  },
  "devDependencies": {
    "firebase-functions-test": "^3.1.0",
    "typescript": "^5.7.3"
  },
  "private": true
}
[debug] [2025-07-01T16:00:38.995Z] Building nodejs source
[info] i  functions: Loading and analyzing source code for codebase default to determine what to deploy 
[debug] [2025-07-01T16:00:38.996Z] Could not find functions.yaml. Must use http discovery
[debug] [2025-07-01T16:00:39.002Z] Found firebase-functions binary at 'C:\Users\Mike\Documents\vscode\fantasyleaguesite\bok-choy-league\functions\node_modules\.bin\firebase-functions'
[info] Serving at port 8682

[debug] [2025-07-01T16:00:39.623Z] Got response from /__/functions.yaml {"endpoints":{"yahooOAuth":{"availableMemoryMb":null,"timeoutSeconds":null,"minInstances":null,"maxInstances":null,"ingressSettings":null,"concurrency":null,"serviceAccountEmail":null,"vpc":null,"platform":"gcfv2","labels":{},"httpsTrigger":{},"entryPoint":"yahooOAuth"}},"specVersion":"v1alpha1","requiredAPIs":[],"extensions":{}}
[info] i  extensions: ensuring required API firebaseextensions.googleapis.com is enabled... 
[debug] [2025-07-01T16:00:43.650Z] > command requires scopes: ["email","openid","https://www.googleapis.com/auth/cloudplatformprojects.readonly","https://www.googleapis.com/auth/firebase","https://www.googleapis.com/auth/cloud-platform"]
[debug] [2025-07-01T16:00:43.651Z] > authorizing via signed-in user (mikeyjordan43@gmail.com)
[debug] [2025-07-01T16:00:43.651Z] [iam] checking project bokchoyleague for permissions ["firebase.projects.get","firebaseextensions.instances.list"]
[debug] [2025-07-01T16:00:43.651Z] Checked if tokens are valid: true, expires at: 1751387993608
[debug] [2025-07-01T16:00:43.651Z] Checked if tokens are valid: true, expires at: 1751387993608
[debug] [2025-07-01T16:00:43.651Z] >>> [apiv2][query] POST https://cloudresourcemanager.googleapis.com/v1/projects/bokchoyleague:testIamPermissions [none]
[debug] [2025-07-01T16:00:43.651Z] >>> [apiv2][(partial)header] POST https://cloudresourcemanager.googleapis.com/v1/projects/bokchoyleague:testIamPermissions x-goog-quota-user=projects/bokchoyleague
[debug] [2025-07-01T16:00:43.651Z] >>> [apiv2][body] POST https://cloudresourcemanager.googleapis.com/v1/projects/bokchoyleague:testIamPermissions {"permissions":["firebase.projects.get","firebaseextensions.instances.list"]}
[debug] [2025-07-01T16:00:43.752Z] <<< [apiv2][status] POST https://cloudresourcemanager.googleapis.com/v1/projects/bokchoyleague:testIamPermissions 200
[debug] [2025-07-01T16:00:43.752Z] <<< [apiv2][body] POST https://cloudresourcemanager.googleapis.com/v1/projects/bokchoyleague:testIamPermissions {"permissions":["firebase.projects.get","firebaseextensions.instances.list"]}
[debug] [2025-07-01T16:00:43.752Z] Checked if tokens are valid: true, expires at: 1751387993608
[debug] [2025-07-01T16:00:43.752Z] Checked if tokens are valid: true, expires at: 1751387993608
[debug] [2025-07-01T16:00:43.752Z] >>> [apiv2][query] GET https://firebaseextensions.googleapis.com/v1beta/projects/bokchoyleague/instances pageSize=100&pageToken=
[debug] [2025-07-01T16:00:44.086Z] <<< [apiv2][status] GET https://firebaseextensions.googleapis.com/v1beta/projects/bokchoyleague/instances 200
[debug] [2025-07-01T16:00:44.086Z] <<< [apiv2][body] GET https://firebaseextensions.googleapis.com/v1beta/projects/bokchoyleague/instances {}
[info] i  functions: preparing functions directory for uploading... 
[info] i  functions: packaged C:\Users\Mike\Documents\vscode\fantasyleaguesite\bok-choy-league\functions (71.66 KB) for uploading 
[debug] [2025-07-01T16:00:44.112Z] Checked if tokens are valid: true, expires at: 1751387993608
[debug] [2025-07-01T16:00:44.113Z] Checked if tokens are valid: true, expires at: 1751387993608
[debug] [2025-07-01T16:00:44.113Z] >>> [apiv2][query] GET https://cloudfunctions.googleapis.com/v1/projects/bokchoyleague/locations/-/functions [none]
[debug] [2025-07-01T16:00:44.602Z] <<< [apiv2][status] GET https://cloudfunctions.googleapis.com/v1/projects/bokchoyleague/locations/-/functions 200
[debug] [2025-07-01T16:00:44.602Z] <<< [apiv2][body] GET https://cloudfunctions.googleapis.com/v1/projects/bokchoyleague/locations/-/functions {}
[debug] [2025-07-01T16:00:44.602Z] Checked if tokens are valid: true, expires at: 1751387993608
[debug] [2025-07-01T16:00:44.602Z] Checked if tokens are valid: true, expires at: 1751387993608
[debug] [2025-07-01T16:00:44.602Z] >>> [apiv2][query] GET https://cloudfunctions.googleapis.com/v2/projects/bokchoyleague/locations/-/functions filter=environment%3D%22GEN_2%22
[debug] [2025-07-01T16:00:45.029Z] <<< [apiv2][status] GET https://cloudfunctions.googleapis.com/v2/projects/bokchoyleague/locations/-/functions 200
[debug] [2025-07-01T16:00:45.029Z] <<< [apiv2][body] GET https://cloudfunctions.googleapis.com/v2/projects/bokchoyleague/locations/-/functions {"functions":[{"name":"projects/bokchoyleague/locations/us-central1/functions/yahooOAuth","buildConfig":{"build":"projects/566835598665/locations/us-central1/builds/804670fc-68f1-4f46-a126-d54f64d2d8f6","runtime":"nodejs22","entryPoint":"yahooOAuth","source":{"storageSource":{"bucket":"gcf-v2-sources-566835598665-us-central1","object":"yahooOAuth/function-source.zip","generation":"1751384950351426"}},"environmentVariables":{"GOOGLE_NODE_RUN_SCRIPTS":""},"dockerRepository":"projects/bokchoyleague/locations/us-central1/repositories/gcf-artifacts","sourceProvenance":{"resolvedStorageSource":{"bucket":"gcf-v2-sources-566835598665-us-central1","object":"yahooOAuth/function-source.zip","generation":"1751384950351426"}},"dockerRegistry":"ARTIFACT_REGISTRY","serviceAccount":"projects/bokchoyleague/serviceAccounts/566835598665-compute@developer.gserviceaccount.com","automaticUpdatePolicy":{}},"state":"FAILED","updateTime":"2025-07-01T15:50:19.889066751Z","labels":{"deployment-tool":"cli-firebase","firebase-functions-hash":"07705b68645c4a595bc9ba87510bdb582de06f0a"},"stateMessages":[{"severity":"ERROR","type":"CloudRunServiceNotFound","message":"Cloud Run service projects/bokchoyleague/locations/us-central1/services/yahoooauth for the function was not found. The function will not work correctly. Please redeploy."}],"environment":"GEN_2","url":"https://us-central1-bokchoyleague.cloudfunctions.net/yahooOAuth","createTime":"2025-07-01T15:49:10.572282665Z","satisfiesPzi":true}]}
[info] i  functions: ensuring required API run.googleapis.com is enabled... 
[info] i  functions: ensuring required API eventarc.googleapis.com is enabled... 
[info] i  functions: ensuring required API pubsub.googleapis.com is enabled... 
[info] i  functions: ensuring required API storage.googleapis.com is enabled... 
[info] i  functions: generating the service identity for pubsub.googleapis.com... 
[debug] [2025-07-01T16:00:45.032Z] Checked if tokens are valid: true, expires at: 1751387993608
[debug] [2025-07-01T16:00:45.032Z] Checked if tokens are valid: true, expires at: 1751387993608
[info] i  functions: generating the service identity for eventarc.googleapis.com... 
[debug] [2025-07-01T16:00:45.032Z] Checked if tokens are valid: true, expires at: 1751387993608
[debug] [2025-07-01T16:00:45.032Z] Checked if tokens are valid: true, expires at: 1751387993608
[debug] [2025-07-01T16:00:45.032Z] >>> [apiv2][query] POST https://serviceusage.googleapis.com/v1beta1/projects/566835598665/services/pubsub.googleapis.com:generateServiceIdentity [none]
[debug] [2025-07-01T16:00:45.032Z] >>> [apiv2][(partial)header] POST https://serviceusage.googleapis.com/v1beta1/projects/566835598665/services/pubsub.googleapis.com:generateServiceIdentity x-goog-quota-user=projects/566835598665
[debug] [2025-07-01T16:00:45.032Z] >>> [apiv2][body] POST https://serviceusage.googleapis.com/v1beta1/projects/566835598665/services/pubsub.googleapis.com:generateServiceIdentity {}
[debug] [2025-07-01T16:00:45.033Z] >>> [apiv2][query] POST https://serviceusage.googleapis.com/v1beta1/projects/566835598665/services/eventarc.googleapis.com:generateServiceIdentity [none]
[debug] [2025-07-01T16:00:45.033Z] >>> [apiv2][(partial)header] POST https://serviceusage.googleapis.com/v1beta1/projects/566835598665/services/eventarc.googleapis.com:generateServiceIdentity x-goog-quota-user=projects/566835598665
[debug] [2025-07-01T16:00:45.033Z] >>> [apiv2][body] POST https://serviceusage.googleapis.com/v1beta1/projects/566835598665/services/eventarc.googleapis.com:generateServiceIdentity {}
[debug] [2025-07-01T16:00:45.340Z] <<< [apiv2][status] POST https://serviceusage.googleapis.com/v1beta1/projects/566835598665/services/eventarc.googleapis.com:generateServiceIdentity 200
[debug] [2025-07-01T16:00:45.340Z] <<< [apiv2][body] POST https://serviceusage.googleapis.com/v1beta1/projects/566835598665/services/eventarc.googleapis.com:generateServiceIdentity {"name":"operations/finished.DONE_OPERATION","done":true,"response":{"@type":"type.googleapis.com/google.api.serviceusage.v1beta1.ServiceIdentity","email":"service-566835598665@gcp-sa-eventarc.iam.gserviceaccount.com","uniqueId":"114348197090861523163"}}
[debug] [2025-07-01T16:00:45.437Z] <<< [apiv2][status] POST https://serviceusage.googleapis.com/v1beta1/projects/566835598665/services/pubsub.googleapis.com:generateServiceIdentity 200
[debug] [2025-07-01T16:00:45.437Z] <<< [apiv2][body] POST https://serviceusage.googleapis.com/v1beta1/projects/566835598665/services/pubsub.googleapis.com:generateServiceIdentity {"name":"operations/finished.DONE_OPERATION","done":true,"response":{"@type":"type.googleapis.com/google.api.serviceusage.v1beta1.ServiceIdentity","email":"service-566835598665@gcp-sa-pubsub.iam.gserviceaccount.com","uniqueId":"102725844012965528185"}}
[debug] [2025-07-01T16:00:45.438Z] Checked if tokens are valid: true, expires at: 1751387993608
[debug] [2025-07-01T16:00:45.438Z] Checked if tokens are valid: true, expires at: 1751387993608
[debug] [2025-07-01T16:00:45.438Z] >>> [apiv2][query] GET https://cloudresourcemanager.googleapis.com/v1/projects/bokchoyleague [none]
[debug] [2025-07-01T16:00:45.556Z] <<< [apiv2][status] GET https://cloudresourcemanager.googleapis.com/v1/projects/bokchoyleague 200
[debug] [2025-07-01T16:00:45.556Z] <<< [apiv2][body] GET https://cloudresourcemanager.googleapis.com/v1/projects/bokchoyleague {"projectNumber":"566835598665","projectId":"bokchoyleague","lifecycleState":"ACTIVE","name":"BokChoyLeague","labels":{"firebase":"enabled","firebase-core":"disabled"},"createTime":"2025-06-29T23:23:10.686783Z"}
[debug] [2025-07-01T16:00:45.557Z] Checked if tokens are valid: true, expires at: 1751387993608
[debug] [2025-07-01T16:00:45.557Z] Checked if tokens are valid: true, expires at: 1751387993608
[debug] [2025-07-01T16:00:45.557Z] >>> [apiv2][query] GET https://compute.googleapis.com/compute/v1/projects/566835598665 [none]
[debug] [2025-07-01T16:00:45.644Z] <<< [apiv2][status] GET https://compute.googleapis.com/compute/v1/projects/566835598665 403
[debug] [2025-07-01T16:00:45.644Z] <<< [apiv2][body] GET https://compute.googleapis.com/compute/v1/projects/566835598665 {"error":{"code":403,"message":"Compute Engine API has not been used in project 566835598665 before or it is disabled. Enable it by visiting https://console.developers.google.com/apis/api/compute.googleapis.com/overview?project=566835598665 then retry. If you enabled this API recently, wait a few minutes for the action to propagate to our systems and retry.","errors":[{"message":"Compute Engine API has not been used in project 566835598665 before or it is disabled. Enable it by visiting https://console.developers.google.com/apis/api/compute.googleapis.com/overview?project=566835598665 then retry. If you enabled this API recently, wait a few minutes for the action to propagate to our systems and retry.","domain":"usageLimits","reason":"accessNotConfigured","extendedHelp":"https://console.developers.google.com"}],"status":"PERMISSION_DENIED","details":[{"@type":"type.googleapis.com/google.rpc.ErrorInfo","reason":"SERVICE_DISABLED","domain":"googleapis.com","metadata":{"activationUrl":"https://console.developers.google.com/apis/api/compute.googleapis.com/overview?project=566835598665","consumer":"projects/566835598665","service":"compute.googleapis.com","serviceTitle":"Compute Engine API","containerInfo":"566835598665"}},{"@type":"type.googleapis.com/google.rpc.LocalizedMessage","locale":"en-US","message":"Compute Engine API has not been used in project 566835598665 before or it is disabled. Enable it by visiting https://console.developers.google.com/apis/api/compute.googleapis.com/overview?project=566835598665 then retry. If you enabled this API recently, wait a few minutes for the action to propagate to our systems and retry."},{"@type":"type.googleapis.com/google.rpc.Help","links":[{"description":"Google developers console API activation","url":"https://console.developers.google.com/apis/api/compute.googleapis.com/overview?project=566835598665"}]}]}}
[debug] [2025-07-01T16:00:45.644Z] unable to look up default compute service account. Falling back to 566835598665-compute@developer.gserviceaccount.com. Error: {"name":"FirebaseError","children":[],"context":{"body":{"error":{"code":403,"message":"Compute Engine API has not been used in project 566835598665 before or it is disabled. Enable it by visiting https://console.developers.google.com/apis/api/compute.googleapis.com/overview?project=566835598665 then retry. If you enabled this API recently, wait a few minutes for the action to propagate to our systems and retry.","errors":[{"message":"Compute Engine API has not been used in project 566835598665 before or it is disabled. Enable it by visiting https://console.developers.google.com/apis/api/compute.googleapis.com/overview?project=566835598665 then retry. If you enabled this API recently, wait a few minutes for the action to propagate to our systems and retry.","domain":"usageLimits","reason":"accessNotConfigured","extendedHelp":"https://console.developers.google.com"}],"status":"PERMISSION_DENIED","details":[{"@type":"type.googleapis.com/google.rpc.ErrorInfo","reason":"SERVICE_DISABLED","domain":"googleapis.com","metadata":{"activationUrl":"https://console.developers.google.com/apis/api/compute.googleapis.com/overview?project=566835598665","consumer":"projects/566835598665","service":"compute.googleapis.com","serviceTitle":"Compute Engine API","containerInfo":"566835598665"}},{"@type":"type.googleapis.com/google.rpc.LocalizedMessage","locale":"en-US","message":"Compute Engine API has not been used in project 566835598665 before or it is disabled. Enable it by visiting https://console.developers.google.com/apis/api/compute.googleapis.com/overview?project=566835598665 then retry. If you enabled this API recently, wait a few minutes for the action to propagate to our systems and retry."},{"@type":"type.googleapis.com/google.rpc.Help","links":[{"description":"Google developers console API activation","url":"https://console.developers.google.com/apis/api/compute.googleapis.com/overview?project=566835598665"}]}]}},"response":{"statusCode":403}},"exit":1,"message":"Request to https://compute.googleapis.com/compute/v1/projects/566835598665 had HTTP Error: 403, Compute Engine API has not been used in project 566835598665 before or it is disabled. Enable it by visiting https://console.developers.google.com/apis/api/compute.googleapis.com/overview?project=566835598665 then retry. If you enabled this API recently, wait a few minutes for the action to propagate to our systems and retry.","status":403}
[debug] [2025-07-01T16:00:45.644Z] Checked if tokens are valid: true, expires at: 1751387993608
[debug] [2025-07-01T16:00:45.644Z] Checked if tokens are valid: true, expires at: 1751387993608
[debug] [2025-07-01T16:00:45.644Z] >>> [apiv2][query] GET https://compute.googleapis.com/compute/v1/projects/566835598665 [none]
[debug] [2025-07-01T16:00:45.701Z] <<< [apiv2][status] GET https://compute.googleapis.com/compute/v1/projects/566835598665 403
[debug] [2025-07-01T16:00:45.701Z] <<< [apiv2][body] GET https://compute.googleapis.com/compute/v1/projects/566835598665 {"error":{"code":403,"message":"Compute Engine API has not been used in project 566835598665 before or it is disabled. Enable it by visiting https://console.developers.google.com/apis/api/compute.googleapis.com/overview?project=566835598665 then retry. If you enabled this API recently, wait a few minutes for the action to propagate to our systems and retry.","errors":[{"message":"Compute Engine API has not been used in project 566835598665 before or it is disabled. Enable it by visiting https://console.developers.google.com/apis/api/compute.googleapis.com/overview?project=566835598665 then retry. If you enabled this API recently, wait a few minutes for the action to propagate to our systems and retry.","domain":"usageLimits","reason":"accessNotConfigured","extendedHelp":"https://console.developers.google.com"}],"status":"PERMISSION_DENIED","details":[{"@type":"type.googleapis.com/google.rpc.ErrorInfo","reason":"SERVICE_DISABLED","domain":"googleapis.com","metadata":{"consumer":"projects/566835598665","containerInfo":"566835598665","activationUrl":"https://console.developers.google.com/apis/api/compute.googleapis.com/overview?project=566835598665","service":"compute.googleapis.com","serviceTitle":"Compute Engine API"}},{"@type":"type.googleapis.com/google.rpc.LocalizedMessage","locale":"en-US","message":"Compute Engine API has not been used in project 566835598665 before or it is disabled. Enable it by visiting https://console.developers.google.com/apis/api/compute.googleapis.com/overview?project=566835598665 then retry. If you enabled this API recently, wait a few minutes for the action to propagate to our systems and retry."},{"@type":"type.googleapis.com/google.rpc.Help","links":[{"description":"Google developers console API activation","url":"https://console.developers.google.com/apis/api/compute.googleapis.com/overview?project=566835598665"}]}]}}
[debug] [2025-07-01T16:00:45.701Z] unable to look up default compute service account. Falling back to 566835598665-compute@developer.gserviceaccount.com. Error: {"name":"FirebaseError","children":[],"context":{"body":{"error":{"code":403,"message":"Compute Engine API has not been used in project 566835598665 before or it is disabled. Enable it by visiting https://console.developers.google.com/apis/api/compute.googleapis.com/overview?project=566835598665 then retry. If you enabled this API recently, wait a few minutes for the action to propagate to our systems and retry.","errors":[{"message":"Compute Engine API has not been used in project 566835598665 before or it is disabled. Enable it by visiting https://console.developers.google.com/apis/api/compute.googleapis.com/overview?project=566835598665 then retry. If you enabled this API recently, wait a few minutes for the action to propagate to our systems and retry.","domain":"usageLimits","reason":"accessNotConfigured","extendedHelp":"https://console.developers.google.com"}],"status":"PERMISSION_DENIED","details":[{"@type":"type.googleapis.com/google.rpc.ErrorInfo","reason":"SERVICE_DISABLED","domain":"googleapis.com","metadata":{"consumer":"projects/566835598665","containerInfo":"566835598665","activationUrl":"https://console.developers.google.com/apis/api/compute.googleapis.com/overview?project=566835598665","service":"compute.googleapis.com","serviceTitle":"Compute Engine API"}},{"@type":"type.googleapis.com/google.rpc.LocalizedMessage","locale":"en-US","message":"Compute Engine API has not been used in project 566835598665 before or it is disabled. Enable it by visiting https://console.developers.google.com/apis/api/compute.googleapis.com/overview?project=566835598665 then retry. If you enabled this API recently, wait a few minutes for the action to propagate to our systems and retry."},{"@type":"type.googleapis.com/google.rpc.Help","links":[{"description":"Google developers console API activation","url":"https://console.developers.google.com/apis/api/compute.googleapis.com/overview?project=566835598665"}]}]}},"response":{"statusCode":403}},"exit":1,"message":"Request to https://compute.googleapis.com/compute/v1/projects/566835598665 had HTTP Error: 403, Compute Engine API has not been used in project 566835598665 before or it is disabled. Enable it by visiting https://console.developers.google.com/apis/api/compute.googleapis.com/overview?project=566835598665 then retry. If you enabled this API recently, wait a few minutes for the action to propagate to our systems and retry.","status":403}
[debug] [2025-07-01T16:00:45.702Z] Checked if tokens are valid: true, expires at: 1751387993608
[debug] [2025-07-01T16:00:45.702Z] Checked if tokens are valid: true, expires at: 1751387993608
[debug] [2025-07-01T16:00:45.702Z] >>> [apiv2][query] GET https://cloudbilling.googleapis.com/v1/projects/bokchoyleague/billingInfo [none]
[debug] [2025-07-01T16:00:45.852Z] <<< [apiv2][status] GET https://cloudbilling.googleapis.com/v1/projects/bokchoyleague/billingInfo 200
[debug] [2025-07-01T16:00:45.852Z] <<< [apiv2][body] GET https://cloudbilling.googleapis.com/v1/projects/bokchoyleague/billingInfo {"name":"projects/bokchoyleague/billingInfo","projectId":"bokchoyleague","billingAccountName":"billingAccounts/017D1D-024903-5F5726","billingEnabled":true}
[debug] [2025-07-01T16:00:45.852Z] Checked if tokens are valid: true, expires at: 1751387993608
[debug] [2025-07-01T16:00:45.852Z] Checked if tokens are valid: true, expires at: 1751387993608
[debug] [2025-07-01T16:00:45.852Z] >>> [apiv2][query] POST https://cloudfunctions.googleapis.com/v2/projects/bokchoyleague/locations/us-central1/functions:generateUploadUrl [none]
[debug] [2025-07-01T16:00:46.119Z] <<< [apiv2][status] POST https://cloudfunctions.googleapis.com/v2/projects/bokchoyleague/locations/us-central1/functions:generateUploadUrl 200
[debug] [2025-07-01T16:00:46.119Z] <<< [apiv2][body] POST https://cloudfunctions.googleapis.com/v2/projects/bokchoyleague/locations/us-central1/functions:generateUploadUrl {"uploadUrl":"https://storage.googleapis.com/gcf-v2-uploads-566835598665.us-central1.cloudfunctions.appspot.com/7b230db1-97d8-4f8a-8e00-b25282c28009.zip?GoogleAccessId=service-566835598665@gcf-admin-robot.iam.gserviceaccount.com&Expires=1751387445&Signature=CdPTsCMLueQmPLX6w58W%2FJx%2B2Ql1JeRb0QkgEgbbO%2B9heN48SvchA415bQg38NCob0LHCfbBE88S0qSIQTu%2FZmBd6%2FUVWvTQF1luT7SL%2BiSezK2qWszLXf7mPeynrOrcrB9VC1PXhYogrk4BFAt5qH1EDYvTwXKYcyREPigKdU7CxEvGLj2kFeRQLHgTBCmMbPoPJl1svOkXF6MOphE8OVW7hHntvOJyiWkkVc7Kg4Tc8KhlLR4WwVsTIs4cshtisu8HUaLsWeuitdCLX5uyRz%2FwO5mQMemoGvKHBX4vkBoZJc74eKIcSgoDIBWpNEI1%2BBhEFVcd5qxYCjiOvqX6zw%3D%3D","storageSource":{"bucket":"gcf-v2-uploads-566835598665.us-central1.cloudfunctions.appspot.com","object":"7b230db1-97d8-4f8a-8e00-b25282c28009.zip"}}
[debug] [2025-07-01T16:00:46.119Z] >>> [apiv2][query] PUT https://storage.googleapis.com/gcf-v2-uploads-566835598665.us-central1.cloudfunctions.appspot.com/7b230db1-97d8-4f8a-8e00-b25282c28009.zip GoogleAccessId=service-566835598665%40gcf-admin-robot.iam.gserviceaccount.com&Expires=1751387445&Signature=CdPTsCMLueQmPLX6w58W%2FJx%2B2Ql1JeRb0QkgEgbbO%2B9heN48SvchA415bQg38NCob0LHCfbBE88S0qSIQTu%2FZmBd6%2FUVWvTQF1luT7SL%2BiSezK2qWszLXf7mPeynrOrcrB9VC1PXhYogrk4BFAt5qH1EDYvTwXKYcyREPigKdU7CxEvGLj2kFeRQLHgTBCmMbPoPJl1svOkXF6MOphE8OVW7hHntvOJyiWkkVc7Kg4Tc8KhlLR4WwVsTIs4cshtisu8HUaLsWeuitdCLX5uyRz%2FwO5mQMemoGvKHBX4vkBoZJc74eKIcSgoDIBWpNEI1%2BBhEFVcd5qxYCjiOvqX6zw%3D%3D
[debug] [2025-07-01T16:00:46.119Z] >>> [apiv2][body] PUT https://storage.googleapis.com/gcf-v2-uploads-566835598665.us-central1.cloudfunctions.appspot.com/7b230db1-97d8-4f8a-8e00-b25282c28009.zip [stream]
[debug] [2025-07-01T16:00:46.372Z] <<< [apiv2][status] PUT https://storage.googleapis.com/gcf-v2-uploads-566835598665.us-central1.cloudfunctions.appspot.com/7b230db1-97d8-4f8a-8e00-b25282c28009.zip 200
[debug] [2025-07-01T16:00:46.372Z] <<< [apiv2][body] PUT https://storage.googleapis.com/gcf-v2-uploads-566835598665.us-central1.cloudfunctions.appspot.com/7b230db1-97d8-4f8a-8e00-b25282c28009.zip [omitted]
[info] +  functions: functions folder uploaded successfully 
[info] i  functions: updating Node.js 22 (2nd Gen) function yahooOAuth(us-central1)... 
[debug] [2025-07-01T16:00:46.375Z] Checked if tokens are valid: true, expires at: 1751387993608
[debug] [2025-07-01T16:00:46.375Z] Checked if tokens are valid: true, expires at: 1751387993608
[debug] [2025-07-01T16:00:46.375Z] >>> [apiv2][query] PATCH https://cloudfunctions.googleapis.com/v2/projects/bokchoyleague/locations/us-central1/functions/yahooOAuth updateMask=name%2CbuildConfig.runtime%2CbuildConfig.entryPoint%2CbuildConfig.source.storageSource.bucket%2CbuildConfig.source.storageSource.object%2CbuildConfig.environmentVariables%2CbuildConfig.sourceToken%2CserviceConfig.environmentVariables%2CserviceConfig.ingressSettings%2CserviceConfig.timeoutSeconds%2CserviceConfig.serviceAccountEmail%2CserviceConfig.availableMemory%2CserviceConfig.minInstanceCount%2CserviceConfig.maxInstanceCount%2CserviceConfig.maxInstanceRequestConcurrency%2CserviceConfig.availableCpu%2CserviceConfig.vpcConnector%2CserviceConfig.vpcConnectorEgressSettings%2Clabels
[debug] [2025-07-01T16:00:46.375Z] >>> [apiv2][body] PATCH https://cloudfunctions.googleapis.com/v2/projects/bokchoyleague/locations/us-central1/functions/yahooOAuth {"name":"projects/bokchoyleague/locations/us-central1/functions/yahooOAuth","buildConfig":{"runtime":"nodejs22","entryPoint":"yahooOAuth","source":{"storageSource":{"bucket":"gcf-v2-uploads-566835598665.us-central1.cloudfunctions.appspot.com","object":"7b230db1-97d8-4f8a-8e00-b25282c28009.zip"}},"environmentVariables":{"GOOGLE_NODE_RUN_SCRIPTS":""}},"serviceConfig":{"environmentVariables":{"FIREBASE_CONFIG":"{\"projectId\":\"bokchoyleague\",\"storageBucket\":\"bokchoyleague.firebasestorage.app\"}","GCLOUD_PROJECT":"bokchoyleague","EVENTARC_CLOUD_EVENT_SOURCE":"projects/bokchoyleague/locations/us-central1/services/yahooOAuth","FUNCTION_TARGET":"yahooOAuth","LOG_EXECUTION_ID":"true"},"ingressSettings":null,"timeoutSeconds":null,"serviceAccountEmail":null,"availableMemory":"256Mi","minInstanceCount":null,"maxInstanceCount":null,"maxInstanceRequestConcurrency":80,"availableCpu":"1","vpcConnector":null,"vpcConnectorEgressSettings":null},"labels":{"deployment-tool":"cli-firebase","firebase-functions-hash":"aca91deefa7ee633e567457b681d2c2a03cc35e4"}}
[debug] [2025-07-01T16:00:47.238Z] <<< [apiv2][status] PATCH https://cloudfunctions.googleapis.com/v2/projects/bokchoyleague/locations/us-central1/functions/yahooOAuth 200
[debug] [2025-07-01T16:00:47.239Z] <<< [apiv2][body] PATCH https://cloudfunctions.googleapis.com/v2/projects/bokchoyleague/locations/us-central1/functions/yahooOAuth {"name":"projects/bokchoyleague/locations/us-central1/operations/operation-1751385645715-638e03f471124-e2105567-d811244d","metadata":{"@type":"type.googleapis.com/google.cloud.functions.v2.OperationMetadata","createTime":"2025-07-01T16:00:46.449729538Z","target":"projects/bokchoyleague/locations/us-central1/functions/yahooOAuth","verb":"update","cancelRequested":false,"apiVersion":"v2"},"done":false}
[debug] [2025-07-01T16:00:47.239Z] Checked if tokens are valid: true, expires at: 1751387993608
[debug] [2025-07-01T16:00:47.239Z] Checked if tokens are valid: true, expires at: 1751387993608
[debug] [2025-07-01T16:00:47.240Z] >>> [apiv2][query] GET https://cloudfunctions.googleapis.com/v2/projects/bokchoyleague/locations/us-central1/operations/operation-1751385645715-638e03f471124-e2105567-d811244d [none]
[debug] [2025-07-01T16:00:47.466Z] <<< [apiv2][status] GET https://cloudfunctions.googleapis.com/v2/projects/bokchoyleague/locations/us-central1/operations/operation-1751385645715-638e03f471124-e2105567-d811244d 200
[debug] [2025-07-01T16:00:47.466Z] <<< [apiv2][body] GET https://cloudfunctions.googleapis.com/v2/projects/bokchoyleague/locations/us-central1/operations/operation-1751385645715-638e03f471124-e2105567-d811244d {"name":"projects/bokchoyleague/locations/us-central1/operations/operation-1751385645715-638e03f471124-e2105567-d811244d","metadata":{"@type":"type.googleapis.com/google.cloud.functions.v2.OperationMetadata","createTime":"2025-07-01T16:00:46.449729538Z","target":"projects/bokchoyleague/locations/us-central1/functions/yahooOAuth","verb":"update","cancelRequested":false,"apiVersion":"v2","requestResource":{"@type":"type.googleapis.com/google.cloud.functions.v2.Function","name":"projects/bokchoyleague/locations/us-central1/functions/yahooOAuth","buildConfig":{"runtime":"nodejs22","entryPoint":"yahooOAuth","source":{"storageSource":{"bucket":"gcf-v2-sources-566835598665-us-central1","object":"yahooOAuth/function-source.zip","generation":"1751385646388986"}},"environmentVariables":{"GOOGLE_NODE_RUN_SCRIPTS":""},"dockerRepository":"projects/bokchoyleague/locations/us-central1/repositories/gcf-artifacts","sourceProvenance":{"resolvedStorageSource":{"bucket":"gcf-v2-sources-566835598665-us-central1","object":"yahooOAuth/function-source.zip","generation":"1751384950351426"}},"dockerRegistry":"ARTIFACT_REGISTRY","serviceAccount":"projects/bokchoyleague/serviceAccounts/566835598665-compute@developer.gserviceaccount.com","automaticUpdatePolicy":{}},"serviceConfig":{"service":"projects/bokchoyleague/locations/us-central1/services/yahoooauth","timeoutSeconds":60,"environmentVariables":{"FIREBASE_CONFIG":"{\"projectId\":\"bokchoyleague\",\"storageBucket\":\"bokchoyleague.firebasestorage.app\"}","GCLOUD_PROJECT":"bokchoyleague","EVENTARC_CLOUD_EVENT_SOURCE":"projects/bokchoyleague/locations/us-central1/services/yahooOAuth","FUNCTION_TARGET":"yahooOAuth","LOG_EXECUTION_ID":"true"},"ingressSettings":"ALLOW_ALL","serviceAccountEmail":"566835598665-compute@developer.gserviceaccount.com","availableMemory":"256Mi","maxInstanceRequestConcurrency":80,"availableCpu":"1"},"state":"FAILED","labels":{"firebase-functions-hash":"aca91deefa7ee633e567457b681d2c2a03cc35e4"},"stateMessages":[{"severity":"ERROR","type":"CloudRunServiceNotFound","message":"Cloud Run service projects/bokchoyleague/locations/us-central1/services/yahoooauth for the function was not found. The function will not work correctly. Please redeploy."}],"environment":"GEN_2","url":"https://us-central1-bokchoyleague.cloudfunctions.net/yahooOAuth","satisfiesPzi":true},"stages":[{"name":"BUILD","state":"NOT_STARTED"},{"name":"SERVICE","state":"NOT_STARTED"}],"operationType":"UPDATE_FUNCTION"},"done":false}
[debug] [2025-07-01T16:00:47.970Z] [update-default-us-central1-yahooOAuth] Retrying task index 0
[debug] [2025-07-01T16:00:47.970Z] Checked if tokens are valid: true, expires at: 1751387993608
[debug] [2025-07-01T16:00:47.970Z] Checked if tokens are valid: true, expires at: 1751387993608
[debug] [2025-07-01T16:00:47.970Z] >>> [apiv2][query] GET https://cloudfunctions.googleapis.com/v2/projects/bokchoyleague/locations/us-central1/operations/operation-1751385645715-638e03f471124-e2105567-d811244d [none]
[debug] [2025-07-01T16:00:48.179Z] <<< [apiv2][status] GET https://cloudfunctions.googleapis.com/v2/projects/bokchoyleague/locations/us-central1/operations/operation-1751385645715-638e03f471124-e2105567-d811244d 200
[debug] [2025-07-01T16:00:48.179Z] <<< [apiv2][body] GET https://cloudfunctions.googleapis.com/v2/projects/bokchoyleague/locations/us-central1/operations/operation-1751385645715-638e03f471124-e2105567-d811244d {"name":"projects/bokchoyleague/locations/us-central1/operations/operation-1751385645715-638e03f471124-e2105567-d811244d","metadata":{"@type":"type.googleapis.com/google.cloud.functions.v2.OperationMetadata","createTime":"2025-07-01T16:00:46.449729538Z","target":"projects/bokchoyleague/locations/us-central1/functions/yahooOAuth","verb":"update","cancelRequested":false,"apiVersion":"v2","requestResource":{"@type":"type.googleapis.com/google.cloud.functions.v2.Function","name":"projects/bokchoyleague/locations/us-central1/functions/yahooOAuth","buildConfig":{"runtime":"nodejs22","entryPoint":"yahooOAuth","source":{"storageSource":{"bucket":"gcf-v2-sources-566835598665-us-central1","object":"yahooOAuth/function-source.zip","generation":"1751385646388986"}},"environmentVariables":{"GOOGLE_NODE_RUN_SCRIPTS":""},"dockerRepository":"projects/bokchoyleague/locations/us-central1/repositories/gcf-artifacts","sourceProvenance":{"resolvedStorageSource":{"bucket":"gcf-v2-sources-566835598665-us-central1","object":"yahooOAuth/function-source.zip","generation":"1751384950351426"}},"dockerRegistry":"ARTIFACT_REGISTRY","serviceAccount":"projects/bokchoyleague/serviceAccounts/566835598665-compute@developer.gserviceaccount.com","automaticUpdatePolicy":{}},"serviceConfig":{"service":"projects/bokchoyleague/locations/us-central1/services/yahoooauth","timeoutSeconds":60,"environmentVariables":{"FIREBASE_CONFIG":"{\"projectId\":\"bokchoyleague\",\"storageBucket\":\"bokchoyleague.firebasestorage.app\"}","GCLOUD_PROJECT":"bokchoyleague","EVENTARC_CLOUD_EVENT_SOURCE":"projects/bokchoyleague/locations/us-central1/services/yahooOAuth","FUNCTION_TARGET":"yahooOAuth","LOG_EXECUTION_ID":"true"},"ingressSettings":"ALLOW_ALL","serviceAccountEmail":"566835598665-compute@developer.gserviceaccount.com","availableMemory":"256Mi","maxInstanceRequestConcurrency":80,"availableCpu":"1"},"state":"FAILED","labels":{"firebase-functions-hash":"aca91deefa7ee633e567457b681d2c2a03cc35e4"},"stateMessages":[{"severity":"ERROR","type":"CloudRunServiceNotFound","message":"Cloud Run service projects/bokchoyleague/locations/us-central1/services/yahoooauth for the function was not found. The function will not work correctly. Please redeploy."}],"environment":"GEN_2","url":"https://us-central1-bokchoyleague.cloudfunctions.net/yahooOAuth","satisfiesPzi":true},"stages":[{"name":"BUILD","message":"Creating build","state":"IN_PROGRESS","resource":"projects/566835598665/locations/us-central1/builds/1a2f280f-45c2-49bb-898a-c14058c9350e","resourceUri":"https://console.cloud.google.com/cloud-build/builds;region=us-central1/1a2f280f-45c2-49bb-898a-c14058c9350e?project=566835598665"},{"name":"SERVICE","state":"NOT_STARTED"}],"operationType":"UPDATE_FUNCTION","buildName":"projects/566835598665/locations/us-central1/builds/1a2f280f-45c2-49bb-898a-c14058c9350e"},"done":false}
[debug] [2025-07-01T16:00:49.180Z] [update-default-us-central1-yahooOAuth] Retrying task index 0
[debug] [2025-07-01T16:00:49.181Z] Checked if tokens are valid: true, expires at: 1751387993608
[debug] [2025-07-01T16:00:49.181Z] Checked if tokens are valid: true, expires at: 1751387993608
[debug] [2025-07-01T16:00:49.181Z] >>> [apiv2][query] GET https://cloudfunctions.googleapis.com/v2/projects/bokchoyleague/locations/us-central1/operations/operation-1751385645715-638e03f471124-e2105567-d811244d [none]
[debug] [2025-07-01T16:00:49.356Z] <<< [apiv2][status] GET https://cloudfunctions.googleapis.com/v2/projects/bokchoyleague/locations/us-central1/operations/operation-1751385645715-638e03f471124-e2105567-d811244d 200
[debug] [2025-07-01T16:00:49.356Z] <<< [apiv2][body] GET https://cloudfunctions.googleapis.com/v2/projects/bokchoyleague/locations/us-central1/operations/operation-1751385645715-638e03f471124-e2105567-d811244d {"name":"projects/bokchoyleague/locations/us-central1/operations/operation-1751385645715-638e03f471124-e2105567-d811244d","metadata":{"@type":"type.googleapis.com/google.cloud.functions.v2.OperationMetadata","createTime":"2025-07-01T16:00:46.449729538Z","target":"projects/bokchoyleague/locations/us-central1/functions/yahooOAuth","verb":"update","cancelRequested":false,"apiVersion":"v2","requestResource":{"@type":"type.googleapis.com/google.cloud.functions.v2.Function","name":"projects/bokchoyleague/locations/us-central1/functions/yahooOAuth","buildConfig":{"runtime":"nodejs22","entryPoint":"yahooOAuth","source":{"storageSource":{"bucket":"gcf-v2-sources-566835598665-us-central1","object":"yahooOAuth/function-source.zip","generation":"1751385646388986"}},"environmentVariables":{"GOOGLE_NODE_RUN_SCRIPTS":""},"dockerRepository":"projects/bokchoyleague/locations/us-central1/repositories/gcf-artifacts","sourceProvenance":{"resolvedStorageSource":{"bucket":"gcf-v2-sources-566835598665-us-central1","object":"yahooOAuth/function-source.zip","generation":"1751384950351426"}},"dockerRegistry":"ARTIFACT_REGISTRY","serviceAccount":"projects/bokchoyleague/serviceAccounts/566835598665-compute@developer.gserviceaccount.com","automaticUpdatePolicy":{}},"serviceConfig":{"service":"projects/bokchoyleague/locations/us-central1/services/yahoooauth","timeoutSeconds":60,"environmentVariables":{"FIREBASE_CONFIG":"{\"projectId\":\"bokchoyleague\",\"storageBucket\":\"bokchoyleague.firebasestorage.app\"}","GCLOUD_PROJECT":"bokchoyleague","EVENTARC_CLOUD_EVENT_SOURCE":"projects/bokchoyleague/locations/us-central1/services/yahooOAuth","FUNCTION_TARGET":"yahooOAuth","LOG_EXECUTION_ID":"true"},"ingressSettings":"ALLOW_ALL","serviceAccountEmail":"566835598665-compute@developer.gserviceaccount.com","availableMemory":"256Mi","maxInstanceRequestConcurrency":80,"availableCpu":"1"},"state":"FAILED","labels":{"firebase-functions-hash":"aca91deefa7ee633e567457b681d2c2a03cc35e4"},"stateMessages":[{"severity":"ERROR","type":"CloudRunServiceNotFound","message":"Cloud Run service projects/bokchoyleague/locations/us-central1/services/yahoooauth for the function was not found. The function will not work correctly. Please redeploy."}],"environment":"GEN_2","url":"https://us-central1-bokchoyleague.cloudfunctions.net/yahooOAuth","satisfiesPzi":true},"stages":[{"name":"BUILD","message":"Build in progress","state":"IN_PROGRESS","resource":"projects/566835598665/locations/us-central1/builds/1a2f280f-45c2-49bb-898a-c14058c9350e","resourceUri":"https://console.cloud.google.com/cloud-build/builds;region=us-central1/1a2f280f-45c2-49bb-898a-c14058c9350e?project=566835598665"},{"name":"SERVICE","state":"NOT_STARTED"}],"operationType":"UPDATE_FUNCTION","buildName":"projects/566835598665/locations/us-central1/builds/1a2f280f-45c2-49bb-898a-c14058c9350e"},"done":false}
[debug] [2025-07-01T16:00:51.361Z] [update-default-us-central1-yahooOAuth] Retrying task index 0
[debug] [2025-07-01T16:00:51.362Z] Checked if tokens are valid: true, expires at: 1751387993608
[debug] [2025-07-01T16:00:51.362Z] Checked if tokens are valid: true, expires at: 1751387993608
[debug] [2025-07-01T16:00:51.362Z] >>> [apiv2][query] GET https://cloudfunctions.googleapis.com/v2/projects/bokchoyleague/locations/us-central1/operations/operation-1751385645715-638e03f471124-e2105567-d811244d [none]
[debug] [2025-07-01T16:00:51.433Z] <<< [apiv2][status] GET https://cloudfunctions.googleapis.com/v2/projects/bokchoyleague/locations/us-central1/operations/operation-1751385645715-638e03f471124-e2105567-d811244d 200
[debug] [2025-07-01T16:00:51.433Z] <<< [apiv2][body] GET https://cloudfunctions.googleapis.com/v2/projects/bokchoyleague/locations/us-central1/operations/operation-1751385645715-638e03f471124-e2105567-d811244d {"name":"projects/bokchoyleague/locations/us-central1/operations/operation-1751385645715-638e03f471124-e2105567-d811244d","metadata":{"@type":"type.googleapis.com/google.cloud.functions.v2.OperationMetadata","createTime":"2025-07-01T16:00:46.449729538Z","target":"projects/bokchoyleague/locations/us-central1/functions/yahooOAuth","verb":"update","cancelRequested":false,"apiVersion":"v2","requestResource":{"@type":"type.googleapis.com/google.cloud.functions.v2.Function","name":"projects/bokchoyleague/locations/us-central1/functions/yahooOAuth","buildConfig":{"runtime":"nodejs22","entryPoint":"yahooOAuth","source":{"storageSource":{"bucket":"gcf-v2-sources-566835598665-us-central1","object":"yahooOAuth/function-source.zip","generation":"1751385646388986"}},"environmentVariables":{"GOOGLE_NODE_RUN_SCRIPTS":""},"dockerRepository":"projects/bokchoyleague/locations/us-central1/repositories/gcf-artifacts","sourceProvenance":{"resolvedStorageSource":{"bucket":"gcf-v2-sources-566835598665-us-central1","object":"yahooOAuth/function-source.zip","generation":"1751384950351426"}},"dockerRegistry":"ARTIFACT_REGISTRY","serviceAccount":"projects/bokchoyleague/serviceAccounts/566835598665-compute@developer.gserviceaccount.com","automaticUpdatePolicy":{}},"serviceConfig":{"service":"projects/bokchoyleague/locations/us-central1/services/yahoooauth","timeoutSeconds":60,"environmentVariables":{"FIREBASE_CONFIG":"{\"projectId\":\"bokchoyleague\",\"storageBucket\":\"bokchoyleague.firebasestorage.app\"}","GCLOUD_PROJECT":"bokchoyleague","EVENTARC_CLOUD_EVENT_SOURCE":"projects/bokchoyleague/locations/us-central1/services/yahooOAuth","FUNCTION_TARGET":"yahooOAuth","LOG_EXECUTION_ID":"true"},"ingressSettings":"ALLOW_ALL","serviceAccountEmail":"566835598665-compute@developer.gserviceaccount.com","availableMemory":"256Mi","maxInstanceRequestConcurrency":80,"availableCpu":"1"},"state":"FAILED","labels":{"firebase-functions-hash":"aca91deefa7ee633e567457b681d2c2a03cc35e4"},"stateMessages":[{"severity":"ERROR","type":"CloudRunServiceNotFound","message":"Cloud Run service projects/bokchoyleague/locations/us-central1/services/yahoooauth for the function was not found. The function will not work correctly. Please redeploy."}],"environment":"GEN_2","url":"https://us-central1-bokchoyleague.cloudfunctions.net/yahooOAuth","satisfiesPzi":true},"stages":[{"name":"BUILD","message":"Build in progress","state":"IN_PROGRESS","resource":"projects/566835598665/locations/us-central1/builds/1a2f280f-45c2-49bb-898a-c14058c9350e","resourceUri":"https://console.cloud.google.com/cloud-build/builds;region=us-central1/1a2f280f-45c2-49bb-898a-c14058c9350e?project=566835598665"},{"name":"SERVICE","state":"NOT_STARTED"}],"operationType":"UPDATE_FUNCTION","buildName":"projects/566835598665/locations/us-central1/builds/1a2f280f-45c2-49bb-898a-c14058c9350e"},"done":false}
[debug] [2025-07-01T16:00:55.448Z] [update-default-us-central1-yahooOAuth] Retrying task index 0
[debug] [2025-07-01T16:00:55.449Z] Checked if tokens are valid: true, expires at: 1751387993608
[debug] [2025-07-01T16:00:55.449Z] Checked if tokens are valid: true, expires at: 1751387993608
[debug] [2025-07-01T16:00:55.449Z] >>> [apiv2][query] GET https://cloudfunctions.googleapis.com/v2/projects/bokchoyleague/locations/us-central1/operations/operation-1751385645715-638e03f471124-e2105567-d811244d [none]
[debug] [2025-07-01T16:00:55.637Z] <<< [apiv2][status] GET https://cloudfunctions.googleapis.com/v2/projects/bokchoyleague/locations/us-central1/operations/operation-1751385645715-638e03f471124-e2105567-d811244d 200
[debug] [2025-07-01T16:00:55.637Z] <<< [apiv2][body] GET https://cloudfunctions.googleapis.com/v2/projects/bokchoyleague/locations/us-central1/operations/operation-1751385645715-638e03f471124-e2105567-d811244d {"name":"projects/bokchoyleague/locations/us-central1/operations/operation-1751385645715-638e03f471124-e2105567-d811244d","metadata":{"@type":"type.googleapis.com/google.cloud.functions.v2.OperationMetadata","createTime":"2025-07-01T16:00:46.449729538Z","target":"projects/bokchoyleague/locations/us-central1/functions/yahooOAuth","verb":"update","cancelRequested":false,"apiVersion":"v2","requestResource":{"@type":"type.googleapis.com/google.cloud.functions.v2.Function","name":"projects/bokchoyleague/locations/us-central1/functions/yahooOAuth","buildConfig":{"runtime":"nodejs22","entryPoint":"yahooOAuth","source":{"storageSource":{"bucket":"gcf-v2-sources-566835598665-us-central1","object":"yahooOAuth/function-source.zip","generation":"1751385646388986"}},"environmentVariables":{"GOOGLE_NODE_RUN_SCRIPTS":""},"dockerRepository":"projects/bokchoyleague/locations/us-central1/repositories/gcf-artifacts","sourceProvenance":{"resolvedStorageSource":{"bucket":"gcf-v2-sources-566835598665-us-central1","object":"yahooOAuth/function-source.zip","generation":"1751384950351426"}},"dockerRegistry":"ARTIFACT_REGISTRY","serviceAccount":"projects/bokchoyleague/serviceAccounts/566835598665-compute@developer.gserviceaccount.com","automaticUpdatePolicy":{}},"serviceConfig":{"service":"projects/bokchoyleague/locations/us-central1/services/yahoooauth","timeoutSeconds":60,"environmentVariables":{"FIREBASE_CONFIG":"{\"projectId\":\"bokchoyleague\",\"storageBucket\":\"bokchoyleague.firebasestorage.app\"}","GCLOUD_PROJECT":"bokchoyleague","EVENTARC_CLOUD_EVENT_SOURCE":"projects/bokchoyleague/locations/us-central1/services/yahooOAuth","FUNCTION_TARGET":"yahooOAuth","LOG_EXECUTION_ID":"true"},"ingressSettings":"ALLOW_ALL","serviceAccountEmail":"566835598665-compute@developer.gserviceaccount.com","availableMemory":"256Mi","maxInstanceRequestConcurrency":80,"availableCpu":"1"},"state":"FAILED","labels":{"firebase-functions-hash":"aca91deefa7ee633e567457b681d2c2a03cc35e4"},"stateMessages":[{"severity":"ERROR","type":"CloudRunServiceNotFound","message":"Cloud Run service projects/bokchoyleague/locations/us-central1/services/yahoooauth for the function was not found. The function will not work correctly. Please redeploy."}],"environment":"GEN_2","url":"https://us-central1-bokchoyleague.cloudfunctions.net/yahooOAuth","satisfiesPzi":true},"stages":[{"name":"BUILD","message":"Build in progress","state":"IN_PROGRESS","resource":"projects/566835598665/locations/us-central1/builds/1a2f280f-45c2-49bb-898a-c14058c9350e","resourceUri":"https://console.cloud.google.com/cloud-build/builds;region=us-central1/1a2f280f-45c2-49bb-898a-c14058c9350e?project=566835598665"},{"name":"SERVICE","state":"NOT_STARTED"}],"operationType":"UPDATE_FUNCTION","buildName":"projects/566835598665/locations/us-central1/builds/1a2f280f-45c2-49bb-898a-c14058c9350e"},"done":false}
[debug] [2025-07-01T16:01:03.642Z] [update-default-us-central1-yahooOAuth] Retrying task index 0
[debug] [2025-07-01T16:01:03.642Z] Checked if tokens are valid: true, expires at: 1751387993608
[debug] [2025-07-01T16:01:03.642Z] Checked if tokens are valid: true, expires at: 1751387993608
[debug] [2025-07-01T16:01:03.642Z] >>> [apiv2][query] GET https://cloudfunctions.googleapis.com/v2/projects/bokchoyleague/locations/us-central1/operations/operation-1751385645715-638e03f471124-e2105567-d811244d [none]
[debug] [2025-07-01T16:01:03.861Z] <<< [apiv2][status] GET https://cloudfunctions.googleapis.com/v2/projects/bokchoyleague/locations/us-central1/operations/operation-1751385645715-638e03f471124-e2105567-d811244d 200
[debug] [2025-07-01T16:01:03.861Z] <<< [apiv2][body] GET https://cloudfunctions.googleapis.com/v2/projects/bokchoyleague/locations/us-central1/operations/operation-1751385645715-638e03f471124-e2105567-d811244d {"name":"projects/bokchoyleague/locations/us-central1/operations/operation-1751385645715-638e03f471124-e2105567-d811244d","metadata":{"@type":"type.googleapis.com/google.cloud.functions.v2.OperationMetadata","createTime":"2025-07-01T16:00:46.449729538Z","target":"projects/bokchoyleague/locations/us-central1/functions/yahooOAuth","verb":"update","cancelRequested":false,"apiVersion":"v2","requestResource":{"@type":"type.googleapis.com/google.cloud.functions.v2.Function","name":"projects/bokchoyleague/locations/us-central1/functions/yahooOAuth","buildConfig":{"runtime":"nodejs22","entryPoint":"yahooOAuth","source":{"storageSource":{"bucket":"gcf-v2-sources-566835598665-us-central1","object":"yahooOAuth/function-source.zip","generation":"1751385646388986"}},"environmentVariables":{"GOOGLE_NODE_RUN_SCRIPTS":""},"dockerRepository":"projects/bokchoyleague/locations/us-central1/repositories/gcf-artifacts","sourceProvenance":{"resolvedStorageSource":{"bucket":"gcf-v2-sources-566835598665-us-central1","object":"yahooOAuth/function-source.zip","generation":"1751384950351426"}},"dockerRegistry":"ARTIFACT_REGISTRY","serviceAccount":"projects/bokchoyleague/serviceAccounts/566835598665-compute@developer.gserviceaccount.com","automaticUpdatePolicy":{}},"serviceConfig":{"service":"projects/bokchoyleague/locations/us-central1/services/yahoooauth","timeoutSeconds":60,"environmentVariables":{"FIREBASE_CONFIG":"{\"projectId\":\"bokchoyleague\",\"storageBucket\":\"bokchoyleague.firebasestorage.app\"}","GCLOUD_PROJECT":"bokchoyleague","EVENTARC_CLOUD_EVENT_SOURCE":"projects/bokchoyleague/locations/us-central1/services/yahooOAuth","FUNCTION_TARGET":"yahooOAuth","LOG_EXECUTION_ID":"true"},"ingressSettings":"ALLOW_ALL","serviceAccountEmail":"566835598665-compute@developer.gserviceaccount.com","availableMemory":"256Mi","maxInstanceRequestConcurrency":80,"availableCpu":"1"},"state":"FAILED","labels":{"firebase-functions-hash":"aca91deefa7ee633e567457b681d2c2a03cc35e4"},"stateMessages":[{"severity":"ERROR","type":"CloudRunServiceNotFound","message":"Cloud Run service projects/bokchoyleague/locations/us-central1/services/yahoooauth for the function was not found. The function will not work correctly. Please redeploy."}],"environment":"GEN_2","url":"https://us-central1-bokchoyleague.cloudfunctions.net/yahooOAuth","satisfiesPzi":true},"stages":[{"name":"BUILD","message":"Build in progress","state":"IN_PROGRESS","resource":"projects/566835598665/locations/us-central1/builds/1a2f280f-45c2-49bb-898a-c14058c9350e","resourceUri":"https://console.cloud.google.com/cloud-build/builds;region=us-central1/1a2f280f-45c2-49bb-898a-c14058c9350e?project=566835598665"},{"name":"SERVICE","state":"NOT_STARTED"}],"operationType":"UPDATE_FUNCTION","buildName":"projects/566835598665/locations/us-central1/builds/1a2f280f-45c2-49bb-898a-c14058c9350e"},"done":false}
[debug] [2025-07-01T16:01:13.867Z] [update-default-us-central1-yahooOAuth] Retrying task index 0
[debug] [2025-07-01T16:01:13.867Z] Checked if tokens are valid: true, expires at: 1751387993608
[debug] [2025-07-01T16:01:13.867Z] Checked if tokens are valid: true, expires at: 1751387993608
[debug] [2025-07-01T16:01:13.867Z] >>> [apiv2][query] GET https://cloudfunctions.googleapis.com/v2/projects/bokchoyleague/locations/us-central1/operations/operation-1751385645715-638e03f471124-e2105567-d811244d [none]
[debug] [2025-07-01T16:01:14.107Z] <<< [apiv2][status] GET https://cloudfunctions.googleapis.com/v2/projects/bokchoyleague/locations/us-central1/operations/operation-1751385645715-638e03f471124-e2105567-d811244d 200
[debug] [2025-07-01T16:01:14.107Z] <<< [apiv2][body] GET https://cloudfunctions.googleapis.com/v2/projects/bokchoyleague/locations/us-central1/operations/operation-1751385645715-638e03f471124-e2105567-d811244d {"name":"projects/bokchoyleague/locations/us-central1/operations/operation-1751385645715-638e03f471124-e2105567-d811244d","metadata":{"@type":"type.googleapis.com/google.cloud.functions.v2.OperationMetadata","createTime":"2025-07-01T16:00:46.449729538Z","target":"projects/bokchoyleague/locations/us-central1/functions/yahooOAuth","verb":"update","cancelRequested":false,"apiVersion":"v2","requestResource":{"@type":"type.googleapis.com/google.cloud.functions.v2.Function","name":"projects/bokchoyleague/locations/us-central1/functions/yahooOAuth","buildConfig":{"runtime":"nodejs22","entryPoint":"yahooOAuth","source":{"storageSource":{"bucket":"gcf-v2-sources-566835598665-us-central1","object":"yahooOAuth/function-source.zip","generation":"1751385646388986"}},"environmentVariables":{"GOOGLE_NODE_RUN_SCRIPTS":""},"dockerRepository":"projects/bokchoyleague/locations/us-central1/repositories/gcf-artifacts","sourceProvenance":{"resolvedStorageSource":{"bucket":"gcf-v2-sources-566835598665-us-central1","object":"yahooOAuth/function-source.zip","generation":"1751384950351426"}},"dockerRegistry":"ARTIFACT_REGISTRY","serviceAccount":"projects/bokchoyleague/serviceAccounts/566835598665-compute@developer.gserviceaccount.com","automaticUpdatePolicy":{}},"serviceConfig":{"service":"projects/bokchoyleague/locations/us-central1/services/yahoooauth","timeoutSeconds":60,"environmentVariables":{"FIREBASE_CONFIG":"{\"projectId\":\"bokchoyleague\",\"storageBucket\":\"bokchoyleague.firebasestorage.app\"}","GCLOUD_PROJECT":"bokchoyleague","EVENTARC_CLOUD_EVENT_SOURCE":"projects/bokchoyleague/locations/us-central1/services/yahooOAuth","FUNCTION_TARGET":"yahooOAuth","LOG_EXECUTION_ID":"true"},"ingressSettings":"ALLOW_ALL","serviceAccountEmail":"566835598665-compute@developer.gserviceaccount.com","availableMemory":"256Mi","maxInstanceRequestConcurrency":80,"availableCpu":"1"},"state":"FAILED","labels":{"firebase-functions-hash":"aca91deefa7ee633e567457b681d2c2a03cc35e4"},"stateMessages":[{"severity":"ERROR","type":"CloudRunServiceNotFound","message":"Cloud Run service projects/bokchoyleague/locations/us-central1/services/yahoooauth for the function was not found. The function will not work correctly. Please redeploy."}],"environment":"GEN_2","url":"https://us-central1-bokchoyleague.cloudfunctions.net/yahooOAuth","satisfiesPzi":true},"stages":[{"name":"BUILD","message":"Build in progress","state":"IN_PROGRESS","resource":"projects/566835598665/locations/us-central1/builds/1a2f280f-45c2-49bb-898a-c14058c9350e","resourceUri":"https://console.cloud.google.com/cloud-build/builds;region=us-central1/1a2f280f-45c2-49bb-898a-c14058c9350e?project=566835598665"},{"name":"SERVICE","state":"NOT_STARTED"}],"operationType":"UPDATE_FUNCTION","buildName":"projects/566835598665/locations/us-central1/builds/1a2f280f-45c2-49bb-898a-c14058c9350e"},"done":false}
[debug] [2025-07-01T16:01:24.121Z] [update-default-us-central1-yahooOAuth] Retrying task index 0
[debug] [2025-07-01T16:01:24.122Z] Checked if tokens are valid: true, expires at: 1751387993608
[debug] [2025-07-01T16:01:24.122Z] Checked if tokens are valid: true, expires at: 1751387993608
[debug] [2025-07-01T16:01:24.122Z] >>> [apiv2][query] GET https://cloudfunctions.googleapis.com/v2/projects/bokchoyleague/locations/us-central1/operations/operation-1751385645715-638e03f471124-e2105567-d811244d [none]
[debug] [2025-07-01T16:01:24.366Z] <<< [apiv2][status] GET https://cloudfunctions.googleapis.com/v2/projects/bokchoyleague/locations/us-central1/operations/operation-1751385645715-638e03f471124-e2105567-d811244d 200
[debug] [2025-07-01T16:01:24.367Z] <<< [apiv2][body] GET https://cloudfunctions.googleapis.com/v2/projects/bokchoyleague/locations/us-central1/operations/operation-1751385645715-638e03f471124-e2105567-d811244d {"name":"projects/bokchoyleague/locations/us-central1/operations/operation-1751385645715-638e03f471124-e2105567-d811244d","metadata":{"@type":"type.googleapis.com/google.cloud.functions.v2.OperationMetadata","createTime":"2025-07-01T16:00:46.449729538Z","target":"projects/bokchoyleague/locations/us-central1/functions/yahooOAuth","verb":"update","cancelRequested":false,"apiVersion":"v2","requestResource":{"@type":"type.googleapis.com/google.cloud.functions.v2.Function","name":"projects/bokchoyleague/locations/us-central1/functions/yahooOAuth","buildConfig":{"runtime":"nodejs22","entryPoint":"yahooOAuth","source":{"storageSource":{"bucket":"gcf-v2-sources-566835598665-us-central1","object":"yahooOAuth/function-source.zip","generation":"1751385646388986"}},"environmentVariables":{"GOOGLE_NODE_RUN_SCRIPTS":""},"dockerRepository":"projects/bokchoyleague/locations/us-central1/repositories/gcf-artifacts","sourceProvenance":{"resolvedStorageSource":{"bucket":"gcf-v2-sources-566835598665-us-central1","object":"yahooOAuth/function-source.zip","generation":"1751384950351426"}},"dockerRegistry":"ARTIFACT_REGISTRY","serviceAccount":"projects/bokchoyleague/serviceAccounts/566835598665-compute@developer.gserviceaccount.com","automaticUpdatePolicy":{}},"serviceConfig":{"service":"projects/bokchoyleague/locations/us-central1/services/yahoooauth","timeoutSeconds":60,"environmentVariables":{"FIREBASE_CONFIG":"{\"projectId\":\"bokchoyleague\",\"storageBucket\":\"bokchoyleague.firebasestorage.app\"}","GCLOUD_PROJECT":"bokchoyleague","EVENTARC_CLOUD_EVENT_SOURCE":"projects/bokchoyleague/locations/us-central1/services/yahooOAuth","FUNCTION_TARGET":"yahooOAuth","LOG_EXECUTION_ID":"true"},"ingressSettings":"ALLOW_ALL","serviceAccountEmail":"566835598665-compute@developer.gserviceaccount.com","availableMemory":"256Mi","maxInstanceRequestConcurrency":80,"availableCpu":"1"},"state":"FAILED","labels":{"firebase-functions-hash":"aca91deefa7ee633e567457b681d2c2a03cc35e4"},"stateMessages":[{"severity":"ERROR","type":"CloudRunServiceNotFound","message":"Cloud Run service projects/bokchoyleague/locations/us-central1/services/yahoooauth for the function was not found. The function will not work correctly. Please redeploy."}],"environment":"GEN_2","url":"https://us-central1-bokchoyleague.cloudfunctions.net/yahooOAuth","satisfiesPzi":true},"stages":[{"name":"BUILD","message":"Build in progress","state":"IN_PROGRESS","resource":"projects/566835598665/locations/us-central1/builds/1a2f280f-45c2-49bb-898a-c14058c9350e","resourceUri":"https://console.cloud.google.com/cloud-build/builds;region=us-central1/1a2f280f-45c2-49bb-898a-c14058c9350e?project=566835598665"},{"name":"SERVICE","state":"NOT_STARTED"}],"operationType":"UPDATE_FUNCTION","buildName":"projects/566835598665/locations/us-central1/builds/1a2f280f-45c2-49bb-898a-c14058c9350e"},"done":false}
[debug] [2025-07-01T16:01:34.369Z] [update-default-us-central1-yahooOAuth] Retrying task index 0
[debug] [2025-07-01T16:01:34.370Z] Checked if tokens are valid: true, expires at: 1751387993608
[debug] [2025-07-01T16:01:34.370Z] Checked if tokens are valid: true, expires at: 1751387993608
[debug] [2025-07-01T16:01:34.370Z] >>> [apiv2][query] GET https://cloudfunctions.googleapis.com/v2/projects/bokchoyleague/locations/us-central1/operations/operation-1751385645715-638e03f471124-e2105567-d811244d [none]
[debug] [2025-07-01T16:01:34.621Z] <<< [apiv2][status] GET https://cloudfunctions.googleapis.com/v2/projects/bokchoyleague/locations/us-central1/operations/operation-1751385645715-638e03f471124-e2105567-d811244d 200
[debug] [2025-07-01T16:01:34.622Z] <<< [apiv2][body] GET https://cloudfunctions.googleapis.com/v2/projects/bokchoyleague/locations/us-central1/operations/operation-1751385645715-638e03f471124-e2105567-d811244d {"name":"projects/bokchoyleague/locations/us-central1/operations/operation-1751385645715-638e03f471124-e2105567-d811244d","metadata":{"@type":"type.googleapis.com/google.cloud.functions.v2.OperationMetadata","createTime":"2025-07-01T16:00:46.449729538Z","target":"projects/bokchoyleague/locations/us-central1/functions/yahooOAuth","verb":"update","cancelRequested":false,"apiVersion":"v2","requestResource":{"@type":"type.googleapis.com/google.cloud.functions.v2.Function","name":"projects/bokchoyleague/locations/us-central1/functions/yahooOAuth","buildConfig":{"runtime":"nodejs22","entryPoint":"yahooOAuth","source":{"storageSource":{"bucket":"gcf-v2-sources-566835598665-us-central1","object":"yahooOAuth/function-source.zip","generation":"1751385646388986"}},"environmentVariables":{"GOOGLE_NODE_RUN_SCRIPTS":""},"dockerRepository":"projects/bokchoyleague/locations/us-central1/repositories/gcf-artifacts","sourceProvenance":{"resolvedStorageSource":{"bucket":"gcf-v2-sources-566835598665-us-central1","object":"yahooOAuth/function-source.zip","generation":"1751384950351426"}},"dockerRegistry":"ARTIFACT_REGISTRY","serviceAccount":"projects/bokchoyleague/serviceAccounts/566835598665-compute@developer.gserviceaccount.com","automaticUpdatePolicy":{}},"serviceConfig":{"service":"projects/bokchoyleague/locations/us-central1/services/yahoooauth","timeoutSeconds":60,"environmentVariables":{"FIREBASE_CONFIG":"{\"projectId\":\"bokchoyleague\",\"storageBucket\":\"bokchoyleague.firebasestorage.app\"}","GCLOUD_PROJECT":"bokchoyleague","EVENTARC_CLOUD_EVENT_SOURCE":"projects/bokchoyleague/locations/us-central1/services/yahooOAuth","FUNCTION_TARGET":"yahooOAuth","LOG_EXECUTION_ID":"true"},"ingressSettings":"ALLOW_ALL","serviceAccountEmail":"566835598665-compute@developer.gserviceaccount.com","availableMemory":"256Mi","maxInstanceRequestConcurrency":80,"availableCpu":"1"},"state":"FAILED","labels":{"firebase-functions-hash":"aca91deefa7ee633e567457b681d2c2a03cc35e4"},"stateMessages":[{"severity":"ERROR","type":"CloudRunServiceNotFound","message":"Cloud Run service projects/bokchoyleague/locations/us-central1/services/yahoooauth for the function was not found. The function will not work correctly. Please redeploy."}],"environment":"GEN_2","url":"https://us-central1-bokchoyleague.cloudfunctions.net/yahooOAuth","satisfiesPzi":true},"stages":[{"name":"BUILD","message":"Build in progress","state":"IN_PROGRESS","resource":"projects/566835598665/locations/us-central1/builds/1a2f280f-45c2-49bb-898a-c14058c9350e","resourceUri":"https://console.cloud.google.com/cloud-build/builds;region=us-central1/1a2f280f-45c2-49bb-898a-c14058c9350e?project=566835598665"},{"name":"SERVICE","state":"NOT_STARTED"}],"operationType":"UPDATE_FUNCTION","buildName":"projects/566835598665/locations/us-central1/builds/1a2f280f-45c2-49bb-898a-c14058c9350e"},"done":false}
[debug] [2025-07-01T16:01:44.624Z] [update-default-us-central1-yahooOAuth] Retrying task index 0
[debug] [2025-07-01T16:01:44.624Z] Checked if tokens are valid: true, expires at: 1751387993608
[debug] [2025-07-01T16:01:44.624Z] Checked if tokens are valid: true, expires at: 1751387993608
[debug] [2025-07-01T16:01:44.624Z] >>> [apiv2][query] GET https://cloudfunctions.googleapis.com/v2/projects/bokchoyleague/locations/us-central1/operations/operation-1751385645715-638e03f471124-e2105567-d811244d [none]
[debug] [2025-07-01T16:01:44.873Z] <<< [apiv2][status] GET https://cloudfunctions.googleapis.com/v2/projects/bokchoyleague/locations/us-central1/operations/operation-1751385645715-638e03f471124-e2105567-d811244d 200
[debug] [2025-07-01T16:01:44.873Z] <<< [apiv2][body] GET https://cloudfunctions.googleapis.com/v2/projects/bokchoyleague/locations/us-central1/operations/operation-1751385645715-638e03f471124-e2105567-d811244d {"name":"projects/bokchoyleague/locations/us-central1/operations/operation-1751385645715-638e03f471124-e2105567-d811244d","metadata":{"@type":"type.googleapis.com/google.cloud.functions.v2.OperationMetadata","createTime":"2025-07-01T16:00:46.449729538Z","target":"projects/bokchoyleague/locations/us-central1/functions/yahooOAuth","verb":"update","cancelRequested":false,"apiVersion":"v2","requestResource":{"@type":"type.googleapis.com/google.cloud.functions.v2.Function","name":"projects/bokchoyleague/locations/us-central1/functions/yahooOAuth","buildConfig":{"runtime":"nodejs22","entryPoint":"yahooOAuth","source":{"storageSource":{"bucket":"gcf-v2-sources-566835598665-us-central1","object":"yahooOAuth/function-source.zip","generation":"1751385646388986"}},"environmentVariables":{"GOOGLE_NODE_RUN_SCRIPTS":""},"dockerRepository":"projects/bokchoyleague/locations/us-central1/repositories/gcf-artifacts","sourceProvenance":{"resolvedStorageSource":{"bucket":"gcf-v2-sources-566835598665-us-central1","object":"yahooOAuth/function-source.zip","generation":"1751384950351426"}},"dockerRegistry":"ARTIFACT_REGISTRY","serviceAccount":"projects/bokchoyleague/serviceAccounts/566835598665-compute@developer.gserviceaccount.com","automaticUpdatePolicy":{}},"serviceConfig":{"service":"projects/bokchoyleague/locations/us-central1/services/yahoooauth","timeoutSeconds":60,"environmentVariables":{"FIREBASE_CONFIG":"{\"projectId\":\"bokchoyleague\",\"storageBucket\":\"bokchoyleague.firebasestorage.app\"}","GCLOUD_PROJECT":"bokchoyleague","EVENTARC_CLOUD_EVENT_SOURCE":"projects/bokchoyleague/locations/us-central1/services/yahooOAuth","FUNCTION_TARGET":"yahooOAuth","LOG_EXECUTION_ID":"true"},"ingressSettings":"ALLOW_ALL","serviceAccountEmail":"566835598665-compute@developer.gserviceaccount.com","availableMemory":"256Mi","maxInstanceRequestConcurrency":80,"availableCpu":"1"},"state":"FAILED","labels":{"firebase-functions-hash":"aca91deefa7ee633e567457b681d2c2a03cc35e4"},"stateMessages":[{"severity":"ERROR","type":"CloudRunServiceNotFound","message":"Cloud Run service projects/bokchoyleague/locations/us-central1/services/yahoooauth for the function was not found. The function will not work correctly. Please redeploy."}],"environment":"GEN_2","url":"https://us-central1-bokchoyleague.cloudfunctions.net/yahooOAuth","satisfiesPzi":true},"stages":[{"name":"BUILD","message":"Build finished","state":"COMPLETE","resource":"projects/566835598665/locations/us-central1/builds/1a2f280f-45c2-49bb-898a-c14058c9350e","resourceUri":"https://console.cloud.google.com/cloud-build/builds;region=us-central1/1a2f280f-45c2-49bb-898a-c14058c9350e?project=566835598665"},{"name":"SERVICE","message":"Updating Cloud Run service","state":"IN_PROGRESS","resource":"projects/bokchoyleague/locations/us-central1/services/yahoooauth","resourceUri":"https://console.cloud.google.com/run/detail/us-central1/yahoooauth?project=bokchoyleague","stateMessages":[{"severity":"WARNING","type":"CloudRunServiceRecreated","message":"Cloud Run service projects/bokchoyleague/locations/us-central1/services/yahoooauth for the function was not found. The service was redeployed with default values."}]}],"sourceToken":"Cldwcm9qZWN0cy81NjY4MzU1OTg2NjUvbG9jYXRpb25zL3VzLWNlbnRyYWwxL2J1aWxkcy8xYTJmMjgwZi00NWMyLTQ5YmItODk4YS1jMTQwNThjOTM1MGUSanVzLWNlbnRyYWwxLWRvY2tlci5wa2cuZGV2L2Jva2Nob3lsZWFndWUvZ2NmLWFydGlmYWN0cy9ib2tjaG95bGVhZ3VlX191cy0tY2VudHJhbDFfX3lhaG9vX29fYXV0aDp2ZXJzaW9uXzEYyaqj0L8QIkFwcm9qZWN0cy9ib2tjaG95bGVhZ3VlL2xvY2F0aW9ucy91cy1jZW50cmFsMS9mdW5jdGlvbnMveWFob29PQXV0aCoMCOaMkMMGELC0oZ8CMghub2RlanMyMjp2CiNnY3IuaW8vZ2FlLXJ1bnRpbWVzL25vZGVqczIyOnN0YWJsZRJPdXMtY2VudHJhbDEtZG9ja2VyLnBrZy5kZXYvc2VydmVybGVzcy1ydW50aW1lcy9nb29nbGUtMjItZnVsbC9ydW50aW1lcy9ub2RlanMyMkAB","operationType":"UPDATE_FUNCTION","buildName":"projects/566835598665/locations/us-central1/builds/1a2f280f-45c2-49bb-898a-c14058c9350e"},"done":false}
[debug] [2025-07-01T16:01:44.873Z] Got source token Cldwcm9qZWN0cy81NjY4MzU1OTg2NjUvbG9jYXRpb25zL3VzLWNlbnRyYWwxL2J1aWxkcy8xYTJmMjgwZi00NWMyLTQ5YmItODk4YS1jMTQwNThjOTM1MGUSanVzLWNlbnRyYWwxLWRvY2tlci5wa2cuZGV2L2Jva2Nob3lsZWFndWUvZ2NmLWFydGlmYWN0cy9ib2tjaG95bGVhZ3VlX191cy0tY2VudHJhbDFfX3lhaG9vX29fYXV0aDp2ZXJzaW9uXzEYyaqj0L8QIkFwcm9qZWN0cy9ib2tjaG95bGVhZ3VlL2xvY2F0aW9ucy91cy1jZW50cmFsMS9mdW5jdGlvbnMveWFob29PQXV0aCoMCOaMkMMGELC0oZ8CMghub2RlanMyMjp2CiNnY3IuaW8vZ2FlLXJ1bnRpbWVzL25vZGVqczIyOnN0YWJsZRJPdXMtY2VudHJhbDEtZG9ja2VyLnBrZy5kZXYvc2VydmVybGVzcy1ydW50aW1lcy9nb29nbGUtMjItZnVsbC9ydW50aW1lcy9ub2RlanMyMkAB for region us-central1
[debug] [2025-07-01T16:01:54.886Z] [update-default-us-central1-yahooOAuth] Retrying task index 0
[debug] [2025-07-01T16:01:54.886Z] Checked if tokens are valid: true, expires at: 1751387993608
[debug] [2025-07-01T16:01:54.886Z] Checked if tokens are valid: true, expires at: 1751387993608
[debug] [2025-07-01T16:01:54.886Z] >>> [apiv2][query] GET https://cloudfunctions.googleapis.com/v2/projects/bokchoyleague/locations/us-central1/operations/operation-1751385645715-638e03f471124-e2105567-d811244d [none]
[debug] [2025-07-01T16:01:54.995Z] <<< [apiv2][status] GET https://cloudfunctions.googleapis.com/v2/projects/bokchoyleague/locations/us-central1/operations/operation-1751385645715-638e03f471124-e2105567-d811244d 200
[debug] [2025-07-01T16:01:54.995Z] <<< [apiv2][body] GET https://cloudfunctions.googleapis.com/v2/projects/bokchoyleague/locations/us-central1/operations/operation-1751385645715-638e03f471124-e2105567-d811244d {"name":"projects/bokchoyleague/locations/us-central1/operations/operation-1751385645715-638e03f471124-e2105567-d811244d","metadata":{"@type":"type.googleapis.com/google.cloud.functions.v2.OperationMetadata","createTime":"2025-07-01T16:00:46.449729538Z","endTime":"2025-07-01T16:01:51.788828958Z","target":"projects/bokchoyleague/locations/us-central1/functions/yahooOAuth","verb":"update","cancelRequested":false,"apiVersion":"v2","requestResource":{"@type":"type.googleapis.com/google.cloud.functions.v2.Function","name":"projects/bokchoyleague/locations/us-central1/functions/yahooOAuth","buildConfig":{"runtime":"nodejs22","entryPoint":"yahooOAuth","source":{"storageSource":{"bucket":"gcf-v2-sources-566835598665-us-central1","object":"yahooOAuth/function-source.zip","generation":"1751385646388986"}},"environmentVariables":{"GOOGLE_NODE_RUN_SCRIPTS":""},"dockerRepository":"projects/bokchoyleague/locations/us-central1/repositories/gcf-artifacts","sourceProvenance":{"resolvedStorageSource":{"bucket":"gcf-v2-sources-566835598665-us-central1","object":"yahooOAuth/function-source.zip","generation":"1751384950351426"}},"dockerRegistry":"ARTIFACT_REGISTRY","serviceAccount":"projects/bokchoyleague/serviceAccounts/566835598665-compute@developer.gserviceaccount.com","automaticUpdatePolicy":{}},"serviceConfig":{"service":"projects/bokchoyleague/locations/us-central1/services/yahoooauth","timeoutSeconds":60,"environmentVariables":{"FIREBASE_CONFIG":"{\"projectId\":\"bokchoyleague\",\"storageBucket\":\"bokchoyleague.firebasestorage.app\"}","GCLOUD_PROJECT":"bokchoyleague","EVENTARC_CLOUD_EVENT_SOURCE":"projects/bokchoyleague/locations/us-central1/services/yahooOAuth","FUNCTION_TARGET":"yahooOAuth","LOG_EXECUTION_ID":"true"},"ingressSettings":"ALLOW_ALL","serviceAccountEmail":"566835598665-compute@developer.gserviceaccount.com","availableMemory":"256Mi","maxInstanceRequestConcurrency":80,"availableCpu":"1"},"state":"FAILED","labels":{"firebase-functions-hash":"aca91deefa7ee633e567457b681d2c2a03cc35e4"},"stateMessages":[{"severity":"ERROR","type":"CloudRunServiceNotFound","message":"Cloud Run service projects/bokchoyleague/locations/us-central1/services/yahoooauth for the function was not found. The function will not work correctly. Please redeploy."}],"environment":"GEN_2","url":"https://us-central1-bokchoyleague.cloudfunctions.net/yahooOAuth","satisfiesPzi":true},"stages":[{"name":"SERVICE","state":"NOT_STARTED"}],"operationType":"UPDATE_FUNCTION"},"done":true,"error":{"code":3,"message":"Could not create or update Cloud Run service yahoooauth, Container Healthcheck failed. Revision 'yahoooauth-00001-pob' is not ready and cannot serve traffic. The user-provided container failed to start and listen on the port defined provided by the PORT=8080 environment variable within the allocated timeout. This can happen when the container port is misconfigured or if the timeout is too short. The health check timeout can be extended. Logs for this revision might contain more information.\n\nLogs URL: https://console.cloud.google.com/logs/viewer?project=bokchoyleague&resource=cloud_run_revision/service_name/yahoooauth/revision_name/yahoooauth-00001-pob&advancedFilter=resource.type%3D%22cloud_run_revision%22%0Aresource.labels.service_name%3D%22yahoooauth%22%0Aresource.labels.revision_name%3D%22yahoooauth-00001-pob%22 \nFor more troubleshooting guidance, see https://cloud.google.com/run/docs/troubleshooting#container-failed-to-start"}}
[debug] [2025-07-01T16:01:54.995Z] Got source token undefined for region us-central1
[error] Could not create or update Cloud Run service yahoooauth, Container Healthcheck failed. Revision 'yahoooauth-00001-pob' is not ready and cannot serve traffic. The user-provided container failed to start and listen on the port defined provided by the PORT=8080 environment variable within the allocated timeout. This can happen when the container port is misconfigured or if the timeout is too short. The health check timeout can be extended. Logs for this revision might contain more information.

Logs URL: https://console.cloud.google.com/logs/viewer?project=bokchoyleague&resource=cloud_run_revision/service_name/yahoooauth/revision_name/yahoooauth-00001-pob&advancedFilter=resource.type%3D%22cloud_run_revision%22%0Aresource.labels.service_name%3D%22yahoooauth%22%0Aresource.labels.revision_name%3D%22yahoooauth-00001-pob%22 
For more troubleshooting guidance, see https://cloud.google.com/run/docs/troubleshooting#container-failed-to-start
[debug] [2025-07-01T16:01:54.999Z] Total Function Deployment time: 68621
[debug] [2025-07-01T16:01:54.999Z] 1 Functions Deployed
[debug] [2025-07-01T16:01:54.999Z] 1 Functions Errored
[debug] [2025-07-01T16:01:54.999Z] 0 Function Deployments Aborted
[debug] [2025-07-01T16:01:54.999Z] Average Function Deployment time: 68621
[info] 
[info] Functions deploy had errors with the following functions:
	yahooOAuth(us-central1)
[debug] [2025-07-01T16:01:55.004Z] Not printing URL for HTTPS function. Typically this means it didn't match a filter or we failed deployment
[debug] [2025-07-01T16:01:55.004Z] Checked if tokens are valid: true, expires at: 1751387993608
[debug] [2025-07-01T16:01:55.004Z] Checked if tokens are valid: true, expires at: 1751387993608
[debug] [2025-07-01T16:01:55.004Z] >>> [apiv2][query] GET https://artifactregistry.googleapis.com/v1/projects/bokchoyleague/locations/us-central1/repositories/gcf-artifacts [none]
[debug] [2025-07-01T16:01:55.118Z] <<< [apiv2][status] GET https://artifactregistry.googleapis.com/v1/projects/bokchoyleague/locations/us-central1/repositories/gcf-artifacts 200
[debug] [2025-07-01T16:01:55.118Z] <<< [apiv2][body] GET https://artifactregistry.googleapis.com/v1/projects/bokchoyleague/locations/us-central1/repositories/gcf-artifacts {"name":"projects/bokchoyleague/locations/us-central1/repositories/gcf-artifacts","format":"DOCKER","description":"This repository is created and used by Cloud Functions for storing function docker images.","labels":{"goog-managed-by":"cloudfunctions"},"createTime":"2025-07-01T02:38:10.186680Z","updateTime":"2025-07-01T16:01:35.524509Z","mode":"STANDARD_REPOSITORY","cleanupPolicies":{"firebase-functions-cleanup":{"id":"firebase-functions-cleanup","action":"DELETE","condition":{"tagState":"ANY","olderThan":"86400s"}}},"sizeBytes":"154006877","vulnerabilityScanningConfig":{"lastEnableTime":"2025-07-01T02:38:01.014569895Z","enablementState":"SCANNING_DISABLED","enablementStateReason":"API containerscanning.googleapis.com is not enabled."},"satisfiesPzi":true,"registryUri":"us-central1-docker.pkg.dev/bokchoyleague/gcf-artifacts"}
[debug] [2025-07-01T16:01:55.118Z] Functions deploy failed.
[debug] [2025-07-01T16:01:55.118Z] {
  "endpoint": {
    "id": "yahooOAuth",
    "project": "bokchoyleague",
    "region": "us-central1",
    "entryPoint": "yahooOAuth",
    "platform": "gcfv2",
    "runtime": "nodejs22",
    "httpsTrigger": {},
    "labels": {
      "deployment-tool": "cli-firebase"
    },
    "serviceAccount": null,
    "ingressSettings": null,
    "availableMemoryMb": null,
    "timeoutSeconds": null,
    "maxInstances": null,
    "minInstances": null,
    "concurrency": 80,
    "vpc": null,
    "environmentVariables": {
      "FIREBASE_CONFIG": "{\"projectId\":\"bokchoyleague\",\"storageBucket\":\"bokchoyleague.firebasestorage.app\"}",
      "GCLOUD_PROJECT": "bokchoyleague",
      "EVENTARC_CLOUD_EVENT_SOURCE": "projects/bokchoyleague/locations/us-central1/services/yahooOAuth"
    },
    "codebase": "default",
    "securityLevel": "SECURE_ALWAYS",
    "cpu": 1,
    "targetedByOnly": false,
    "hash": "aca91deefa7ee633e567457b681d2c2a03cc35e4"
  },
  "op": "update",
  "original": {
    "name": "FirebaseError",
    "children": [],
    "exit": 1,
    "message": "Could not create or update Cloud Run service yahoooauth, Container Healthcheck failed. Revision 'yahoooauth-00001-pob' is not ready and cannot serve traffic. The user-provided container failed to start and listen on the port defined provided by the PORT=8080 environment variable within the allocated timeout. This can happen when the container port is misconfigured or if the timeout is too short. The health check timeout can be extended. Logs for this revision might contain more information.\n\nLogs URL: https://console.cloud.google.com/logs/viewer?project=bokchoyleague&resource=cloud_run_revision/service_name/yahoooauth/revision_name/yahoooauth-00001-pob&advancedFilter=resource.type%3D%22cloud_run_revision%22%0Aresource.labels.service_name%3D%22yahoooauth%22%0Aresource.labels.revision_name%3D%22yahoooauth-00001-pob%22 \nFor more troubleshooting guidance, see https://cloud.google.com/run/docs/troubleshooting#container-failed-to-start",
    "original": {
      "code": 3,
      "message": "Could not create or update Cloud Run service yahoooauth, Container Healthcheck failed. Revision 'yahoooauth-00001-pob' is not ready and cannot serve traffic. The user-provided container failed to start and listen on the port defined provided by the PORT=8080 environment variable within the allocated timeout. This can happen when the container port is misconfigured or if the timeout is too short. The health check timeout can be extended. Logs for this revision might contain more information.\n\nLogs URL: https://console.cloud.google.com/logs/viewer?project=bokchoyleague&resource=cloud_run_revision/service_name/yahoooauth/revision_name/yahoooauth-00001-pob&advancedFilter=resource.type%3D%22cloud_run_revision%22%0Aresource.labels.service_name%3D%22yahoooauth%22%0Aresource.labels.revision_name%3D%22yahoooauth-00001-pob%22 \nFor more troubleshooting guidance, see https://cloud.google.com/run/docs/troubleshooting#container-failed-to-start"
    },
    "status": 3,
    "code": 3
  }
}
[debug] [2025-07-01T16:01:55.119Z] Error: Failed to update function yahooOAuth in region us-central1
    at C:\Users\Mike\AppData\Roaming\npm\node_modules\firebase-tools\lib\deploy\functions\release\fabricator.js:399:19
    at process.processTicksAndRejections (node:internal/process/task_queues:105:5)
    at async Fabricator.updateV2Function (C:\Users\Mike\AppData\Roaming\npm\node_modules\firebase-tools\lib\deploy\functions\release\fabricator.js:388:32)
    at async Fabricator.updateEndpoint (C:\Users\Mike\AppData\Roaming\npm\node_modules\firebase-tools\lib\deploy\functions\release\fabricator.js:155:13)
    at async handle (C:\Users\Mike\AppData\Roaming\npm\node_modules\firebase-tools\lib\deploy\functions\release\fabricator.js:89:17)
[error] 
[error] Error: There was an error deploying functions
